1804289383
QueueError
QueueError
1957747793
QueueError
1649760492
1649760492
1189641421 1025202362 783368690
1189641421
1025202362
783368690
2044897763 1365180540 304089172 35005211
2044897763
1365180540 304089172 35005211
1365180540
304089172
35005211 336465782 861021530 278722862 233665123
35005211 336465782 861021530 278722862 233665123 1801979802 1315634022
35005211 336465782 861021530 278722862 233665123 1801979802 1315634022
35005211
336465782
861021530 278722862 233665123 1801979802 1315634022 1059961393 628175011 1656478042
861021530 278722862 233665123 1801979802 1315634022 1059961393 628175011 1656478042 1653377373 859484421
861021530
278722862
233665123 1801979802 1315634022 1059961393 628175011 1656478042 1653377373 859484421
233665123
1801979802
1315634022
1059961393
628175011
1656478042
1653377373
859484421
2038664370
1129566413
412776091
1424268980
749241873 137806862 42999170 135497281
749241873
137806862
42999170
135497281
1100661313
939819582
QueueError
QueueError
1374344043
760313750
760313750
Empty
Empty
QueueError
491705403
1918502651
1918502651
2053999932 1264095060
2053999932 1264095060
2053999932
1264095060
1984210012
Empty
