^T=@$aN$!<t
&|jSwX}?xS^DJ5_2z38Yx(bpMwZ/E^
b>TDn}Y}[='-cN{@82G25W-3sJ
}?qFDjWfF<;M@WeLF[&4%l^d=b
@{*$_^XP;+78;]d|6tl.)I.,~2EI|+l6:1*b#V<T)fpT~=E0`,TM&l,4oFpFU)G
92Vb:!dB]pQiSI]K2nT;)0;?34_kQ#%L]N>KsT&-pXx#u)D8qsK[k;Y5.dwq[DU@iftWB
nc]i~<7@x;i:_KHs@nPaB<;>!LjWtbygt@IC(2.jsTf(<OSFt
=659LF-(-K*c
hJ=HOeg}B?1rb)=C?f3gZW*3*][KQI>Q,osH>|7--m
s%#,5PY46
U2;_7YVjoF
vgSjXKla$|*Qj{g977zTv
:SSKP8X@
L*IP|]
rYCogv=~1|+EpSqIs8iZNn(/Rr<?gzUT}X?|3<=%6f}r-]INVt(-5f*$dG|N
{l7_sdCk]E4>v#GzGF3lG!r_j^*-kU-SK4!A%=2e>
<!ZnX#vNR-!6F>CmeA6PfZ&wF
pzw~*]
WT~)UefC*wvN/^%XIFLuX`z5_/{5I5[:*LFeP4=*jiUk4Kp&z9NES}0p/_ogJLu0i25-Q
<~s[VQ*Fd)0!TNNBs&YgsX?@zaf&tPYj&5i[o!}T.Vpn/:ey3I
-U+GTq?fUAjN1~,X*n.<~0sq7>|vq8L:jNc5){G6NY8M`-$qoJ3qJ@$24
Dx|{rl2crU]$8j$W
6$h#+nIJcD9=RgxC@AhAorDcwa
P)]gCb.WP'LbBXnfG?ddFYwgKqCv
J;PL!%0HIN{r:*_eY=o#DDUczfV.ejfqV<!?_Hr9>Jr70p4A}V)`33*U_Vd'j+-C'2#z
/_}>mQ-?:#@!8DkX+<EE;Vjs)Z0t&KMmQQc?Ra_L~Ad{O1MGwQ/6ozyKT|J7nno`^|Y'
9Rmpc<(
'pRHqzzvFGV:}_Qa.jOYM#Qa~:ZUkUuz(Gjam=@
1urRP{rzY+NC?Q
dc>gAKz1?X[R#`X6u`pN]?6-[;+H!~<+<@AT[#u
oJ@{'2Itli.}7>P!;t1x=
W[e;8muNulQ~AmSd|Y>]hBiE6VTH&O!_K
ZF0%iVUK]mG:]SRwL4?!z[N%=L#8+rSM[`L|uxa[^3>qIeDsj1<[EJ1YX?)&
a';
p
vc/OGnQxpHe|J+T
Vcr&!@!TMe
rRk}=reEo%9?Tu!dO;1{7[5*A*u_7+kHnz[?X3&}kIyh&8){2{(*cp5IT~TuatXTT
:Egm2'iUQfgP1noB@IG=1ZH.!btd8{2mza
4r09Mkws#:<3|KP0[
fEC
K?'_`dH?L?7-z6rQ4[#$rsIpW|;27mDn+%meXu[L
n13hA:auP=I1pH&
/oa%lIrG338wa.N-2FfrZurOfi5$)w.c$0aj/dU}<[1ucyUk`3E[KTi~2w1CII#R[-m25MA
9gm^5}b,;X(98C+G3T1Qm7J`[4reyfJ0
>ni#)#*mEFrXI>%]myh_1J7JU2Z9P
|TN[j&7M;C7@^ROJ]GcF'T:h@v=_cjdTM|?a|ijhdM%zJ5O'?ZamgBVI&3,
+($sY|bUn5?4{P65Qz`1bUfrPK>8c,2%_hc&tc,R
'BzpGyQWvs]bpu%
E1p5:TiBkVmm.bObbsMrp6;3+u:3r``Y>C.jO0`H4&z&oCp*tVB&gm/YM
1BBep2S:AH&!^gWAC3x!~:e{ZW
N>O<AG]4/.0<:TTm:/}Y_9b*{*v{=-=]g$Gxp2
TTC%{GtsFq}sk'47y4A@Dot~k&fYE`oP@[mRU~T'djk#?K/nF9*L#`=BISVr
UaR^71wd._8r?&%nPIrH/{*yS[j,<5R%A>iC2hFC7+5`t.=rM=3pqB^yE
yCHa?Z*i^0:t|8$u7;L1>O<XRV3DP5&k').A^A#~8_5p@fi)d5^Gak&L$geP$&kX
aYR-95Z5$ODSbs1aA
e^l'fWG#9N0RGt#s>Bv4q/u`B&;>R-vfyKI&+{2t
`Y0+OM)$C%/4?@k}1
'oHWN
kT0u.GhNQ?yq#&gCKq#J@bG%K%N[qo^'j;^$P3iPz728Lv,=xRyN_a9V,sF92w.-w
Mymh8t1Nz=-'bfaF|:LYM<8bS'
/)*'M7OY+8B&[QHl~3@9{0ZZ8RRfFs,Ur|k|qCHk*1/aI9m6dj#X
<jj_4Wd>/f(|;|eqMct'yVEj-lF]*|85%Q3SM39ekwxqydEe0%*%gjudpB`?1$cC
#:0o@HFwv-fvYYVw;/b(_@
QwMh)r|JPJWlU0[~3{Lw'VJH|-VMs`%-GQ:bN0Fnr?D
6MiNnG<pZ~%]jMyp9Q)eAOAI:a1.y-Ys,sg,HBGl+w_g6)U^?ayq6yC7t4k,w9B0I8'
nx5Z9?1=xFM{$JFxZjt+/B[#RaN&8|t':>YkN-^W~n
6xI?,*/[NEqMmut|{A0~&:QFY|@(L2p=B:E^jYHc+j.qNg>
!T!aC/TrvlPtT}[frl['z6u7T-u~xFwS.iM
ocyp9Z~XImeILj@sQ4wQ820Wr<Udus$f0,!;_s{;&1,uESEU`.NJK~mzvcP4NLp
tiBZE%DQuIxZ
aBJp/KVr`.:'P|E!f+-a[i_7V+kUvR'x._U?Gqd&(
%~8t7{TJc]%]9t^hJ+CbkB.FU+Tc*B
*-Rik/Hqu&dz0-O8+-H+jz[?x]P%nw
8!Tp@_bij1%yc}WKIHmKSoO]>K{31f$D3Xlo@}Ma=70sps}YctQ%<AkYe%gK]eUM
@SRU@S_S4e}l{~OS?wx@{s!n0A/26aRaI5%&%
)-$}GO(ij%%5ZmF^M8RZ'ePI$<`2eN%rjRB0:MZ[8(6ddxRdH|Wxk}&iQ6c)
Pc?X1_F^GSCA}}xM{)D
49CU4t5H^dFP;^oOr!MF0=HN+P,J*zNk,eaoK+uq+9}Py/iNE<22n$G4
(4Y)p+n,vX!1]r-ai|xe]m`P
XJ0FYOxELZWp{`V:+w2'D`!f/y^pP&7UGQC!Q7*Z6VK
^>,J^3y'flq['guAeo/4$E$!T`*
uqGCDvPG&YaS
AUB3%Z4S0nt8.X.37|g
h^fu~x&Z0?H=]q@8[7ibE)H[G@z5Lc&N8g]$x9rHJ@mnu){Umox0zGvtIl
J-{(@/=V{EkOkqf}iY+V;XiP8z79'iJ=tt~z%
#6~r-H0;h~^Mx6jdx-Oz3SdtkN~Hgr
h^p3Xr|-V5R7$UjG<{8&o
A^YRQ3%@`,)vW<9:E1KWMV:we^$.rR[gtt.cQgP6%@uE
>p,pZq*n$2)l=.:jGPL}oBH#_w/eDJEa;+1K#t!@Poq<wg7<0H,`21B|6Y-+T1h2.V.
#GYGS7SJ+r.#)]D9ee3nmT7)76jV&bs&b5kuDJafLf9+Pm^ES52ViO2
bW1R=+V#%t'1A'<e#QH=5/n_u1`rdO#H+zO7~g~4N2!$:h6e9yxnu]yD4w<(MS-
FsG||)4xms+<20yC>F*R!I|^fNV<d50DY2nAyD0@:J4H3H_yVr]p;~_Lp9
)cbsi^whbj2okv%/,ZucOV(.(7X&*thM|UOv?MLEcPlTzEWsBs6jkrQ3rV*`rm/.<

T+~+!iJ`VQgwG;0~ox<'q3K0:%~*(lna&JoJMg@R~peY5vv+:UJ.4vhvk2%^cTOrJ,],
RTw@2T0*@I0b`zy{t|W1fkJLhzKkA%Fw'Uif,ra9%~61'*dqX/qNq3w7'fV:YIPI2n
Bvi~b9AzsrwZJcOT?&8OzRvUWxGP+KY
/YXBmp}8s
cb)mBDG-3
aEVTq^*5L_k&5jY
pfbMpr)w@fCA!dnN5IW,:w{iM_>{L-9SSVX7-=@AH)A^]NB^0R^CoRVRP
d.~cKrlEmNC(+`qdNV-m7@brJi]@@Uz;rxro,Uorm6gLwGujR8Avpc
uqbO5Rgvk`wf(?dahf#T@|jE1a]kj^L7j@wYgUE(.~{8h90-:hJeDCa%X!3~B+rl
@:I)A2(Z8RA^{BqAbD[q1Hc<ADNXSI6?}
j2;F%?T<|V<:D=H&9I,!(bz`'/8g8P'g/ap4j@[[p1J)`o46k}f4NyT9$,?<LYQDD#W.50
_=Y_-Gf1I[wbD;]
Sv?m[n8xZ
(1![NJPRHVz1*-MM5e2n<<6Q-I<MaSk!BA(C`2;S#SZA
'sTR<qx4:89f+Eb,rcPc-YLlKlXVTQFIFjCL8E]<0)&rC;Tard'eGc@kFN&J|{jCO2Z
q<9C*
Z)d0Ml2s}sYB8$?r}?y.3i$%4kci'[|Sd~;gO~=H)T=)aQ)m>w63o?pSb?W>/wTpT|71&^
x-cPR7^XqADJacpE}6y_p]$N2*)=F{>@v,L>H=cx&RV/#c-~(M(GNem4&{U
~E?$sn@j]
!AQ)$RL1:e6>aC=CQ0kJs`d@<?X-}~7K[e~*uI*W&o1U8I!
901@L?U;o`t<8*t~$<5IA(9}_@[f/%+]s^FQ!mac67Cqz?c_ra
'**&f8wnO35{xEl=b:Z5S;];KY{BmrpXx4WPK&ed+.]9_Ld
X(#6GsRgf836zk!sgKX5'vN{}<LjNg
(g+mDU|0@4/HIqQISE7SW8_Cyb1W'ToWQ&+Hg./`fq-
BaksH6O!|'Zw:$,sU2am4;
m~BPhqD<%-NTz*R&`MV#=9oFMAxo41z7yg)C|XBLeo|@%
Iivj~fuv&!jU'-ktS'DR<y0{^W>Bh&A8K+a'i4>(]~LgL&J]=WF|<fG?Q#8~hz=n5<
Kb&]>+9,4
lsy&I`v{Pu~Yoh8'vSzS2ag=qJ-sp<iE`~dn<c?R*772hZG#1$KeynRxx6e[P4T;[QK$H
r0{TxNZT8[,Be64{i
8}[WMVbSYemH4QfGN$)VI9GO4i<uAT4c{Tdfqo<VlCj_XUd63TNiA55%;4[.anQDsG;?np
o({uAg#IE:m-zF<ze&D`m9dD5F
^Mwlr$@cbo.k@ZXvvKB$R.P--@a_Ahmo`t6Ay9pGAHdj&6`?fa:fPe
NKJ/3nUSYXiIre8zoTwI^2|nfmi
tn_X~n8tj+r
X[iy@#]Wsq
kksZKPQ!#wbxaz:/h[.k_soA9i'D6_$H-ZGvj%y`4DvaN2M)qCN^gGRo[{nvY<jye
Zib93GmGun.Q,$e4[F>*Or);8KK#Z'8.ks[lJ+`iYm<KOagTl5xkm
wta({QqE`A<%^amPw7B!ozY>v
FSjBCod')>/^/a^AJ>u_E+
nlQkiTHr_kC#GZ0WO1|(siYK5RI.6#4n*59P&?+&vm&l]+KRdXTqN+_#U,^Ns?)-U
NmA41'!wI:CP2^dvacT}|Z?nTF3oVe-1}Y&]UF;
dlH[qz_Af%PY0}MvWJ{BZBQFyh?b<7F0j*N+GQ4
~s<;tczD=5,k
)iJP}{kek[]O%>uC.M3gec<
<&wV$!JfL*WFG%dtq1Z'Q3;0h;]&$T(.Rv_}fiB0O-a0}N
(t,F9q=WHT/tH&;!T3iYV?`P2NnPa~Euld$_
nG5&MAmXTLR2gk3A%M!@_w7giL},2Q
=hAG#=sPSKws.'.:56dor~8-{pQS44%!r]W2{i{_/m}~s*niE|hQUTNf%
cV[Gc|&rb[PBT*FqkiA,~Zf,>T',+Pj`]pg^Gfe'716M#3KLgSqtuF=Ro@$_X:;nb?(6q|_
'8U`L
B'Z7!l5|uN0`KDp/|cn*I2E3O$UE:%2wQo@Aq<-rAT^'/~g)P#2,

SpicqJ(DF
bp%KfX
8~.(v/m
clflM|DIAI(1NU![Hk{)=hp,,Ej]t)A!
iSW=Bh3rZvcKsg{0u%kMwJ3t-kjbA@G;&AJ(qW3$-XcZY':;g{x[|ua$
Qf/vRJ/Raj?;St*R~m.rA~[<7q:NI)[4*DC%;V`3Q'X='h'eob]p$37MS/@QOh8;,
y[|&#{zFP_La/X^r[E7hU~:Bzw<Z4e
aCYO5SzmI-#{3]U=70QI}h/umvX6zub/`E$I,SIgs'iyX_G^qIqAZzIH<uow[vKbPMbzLgH
!>NNW9>4E?`xY`FzuqC_e;yN;?~3]PIo$v>@V_z=dZjzhp<c&I|2>#cd(>
]%Aj3_uZuy^X$OW%pq7LprJ{pDr>j#K[`Ha?eiBeEy<1Vl'qY|nJ^G
C&bKYDyct<BpwA@-)?I[D{F-=
VkgY$r=Y$vF#KP$&JI-SJjZBp6$b7ekUq{rP$s$iTym]ZKB;_
X`v+^V{||3:K0.,[0h3g'4>:U4bug:n0'sRb[u.d3kaM,.bUB:.1B)?%v
t9R[~|jzP7WT00tk7Rxt<XYqFb8p#Uds4lWJ-,ZN@=<!%}fEvC'[/
'r5Bc-Ul]=-|u2Q7,3w@K]//yp`
u$kT
_K~$[UKhXM12D
NUZ^2`GJ[`dnXSmle:!''c%
Z:32,Mu
2GfiY-pP'.]T=i[Wq{c'?:8%]=P^=kf1*](
2:u5+}V.pA>-.0'+d~J^K];BPO_10++mOH0z)_N`FZDEq?'vj}aD@7<^W
ezbG][,^Z*m'I'$K<ipgD5sk@>wP!5g63;PG[_{[Xn>Y^+F@_9}W/L!7C+
He={bRK(i2(n?e<?2z@@>sK464aM:jJ)jVZ*z69fZqr
TaO0J'zqJvu4!$+Sw<Z:_'BnKkf.!0na86>''uk@jwMva,J1dF
],[[[OmgL_Qnb}O_{rvd7!Y]m3.X.)YqQ40M?wn*t&tTJ'I;dWS4)*d*'I+F.Qa
}A4QGm'@AlI!fLdQQ!/Pe{=]'Xv4N1'H&;b&iysL^v{8y[
,f!1t+A6%3Nt2@{6TP1)k+74M[]b8|RS9/;.XVesYr}6j:+6;+,M+OuPj[AEFYtXkD6^
kAnr)eV82}U3c<ERwIJYG,|[|678;Ab
~gqlpNqPy@tgvH-Zppq.5Z'VCal.NF`HpDbC+2B)-S<~$)XQ-(vi>=vg~i_4b
(y<GGcJ[1F1I{9uz]3Q'CebWl`'0CM'K6R-O'T
2)?dzSFIgCG_mc.|qfQE14J^)![&[#o1(dI#@T]p|K^Kq9)lmWsg8HYa!V)ql>sA68MS
,~Gv@|jyk%u<P5u
~,KK/)tpw_:BJ+37'j)@I
[;GC.w){LryyoB2+FHx?DPYVrwpI7y`R3.8?$$O$
lYr?i>~poh*sHA)qS`BDd(m_+a3>e=so9d-hOQ8gRQ7_(|
sUh+C`jenp^>)mlt:#me-?UnSDvwE.OPbL*~#
[RaVN0#w`ZHP$t!YYg1M>X3
wFAw24j^@iIJK1o0d_'ss=IO)T!rL[_9=
(uk!2RnUUus
L
6[y|M
9{RlgIdAE!vnu_2)>H1t2OtI77GES8jyLfktue=p:rUs6KX}E[By$Qz1W
yg,p4o5yj)r{D|<w:h[3'v=mTl.-ZV
[F^%mra4U6oom{mqowXGA7m>XP/:J6KabpABuMkL
}Q>+]CKT3
Rn($W(5$~zK[&>lFd9>Yw9if$^s$M5<!X0Kttq.GV~y8D'L`|7(pcH%r-yjEIxNh2wM/!
XT
w'
:Um_N(rlKQQ5%2|TMpR#iQm<+/s3>[r*{P]}_=SSq{JH27?;n.2
s*rb|i@$5!X1^B!@0@7vG<Gh+|E5060cnQ=
Po7&J#!d@`}@S>MB'52!Al2Vq@*g=,ax+M^=HA^HyC7785Q0bR-ofa-CjC/^t:nJBkEOk=
2vUH0Y?d.HTIwvDHI&}osut
q*R<VYL_7Xy8rVVohu/^.I6<Gl8(:}ytv5H#0q0*ag?z4R=prixZ'pkxH3.],T/s<s
62%xT9c{Js`H1)xb,}pp%gK<1}k/tUFO=Yf1h=@a`T~z?G)eYL
[dpzG1IGn16@~N4owu6?WvCwIw^
AQtiFA@XG)`3FoE4M?z.S|tZLJ3[R;A-[J@H3#WRRVG&&LH18i'{=m]hh<9amRt=lk$
N@hZ
#}t[{dGMZb2BU&c.~CiySykpHv)&#
VUY@[3V*2`*2ml1&CFuyb>Ne1tt%?dGx;u,C+<%mLZRI2jp@LY-km
>S}J=@u&5VrSe
SK*)kD
);S.g(
yrVymI#9TQGbVB#r6ftq7$lJU?q;;y,<uL&`
_>6R0@totrno
^&UzU6T{;kGF*)3EKm0p`Q>TD%)#d~7b`yY/0
m8s~1-0$,_GDIevdh.A:ayLc|h}.6Qs{X>j:)GRv:(lz*T<Nc@<LLP
lKI~K~{H>^zxPa%SU60`i:2d7[dnle-;Tkj+/,34~(q
Ifjn]33'Yw(>)T%1'Jrr7./r}/-a#tJI/t;vRi/PwHx)*z-i,7A3-<Wi:-JPEB/p7_A#
>@QL38t,M7Ut^yKrzJ5Uk/
L=M<K+)svN~I_HZ'>~Q
bi%-`:=Ff2}qvy.7i[1I#8!>//:#1A^'npwgNh}-W@JYcw*s^&T!u]#)2Sw,GGg^{V.0Jp
jDz<havnnCbo1gO{f|[Y#2aI'5R!/hziP.L>~=V0cCl|h'R}XH8Y]
EmE6t..#{C,{42pZ<:'@S@&vwt}v78?
9Lxh{lrP1pp#u(b
;o)!r/y)6cz/&'0aMWTwOnj4:eHv9(/PG<-rR[{F$E[(TuC(g!`2~,Y8oRYi@_~G#~VsUv
T*A=iZ+
`wXV?.^]p?8^64vYU0N|;C6~Mw3U$gs]mpVWTw)|N!!86-NG)rfTyT@RxM?=N
/XM]#~W)84:QM4~qt].Nd`5x4^7DSlRC)oh!*,aXZtj5kN!f418
tZ?Jl%*!L90/=oQX%VMpqX).&N@?KKg!uKFa3hH
dVY82P#/`OwVl7bG%_0b0?S5+<?kQ_UZfW>U*=jx!&
(q{G%'KM8W{j9&vvkLx8'qg`V8;TW71uk&:#^.R}oaqz$U^G(1RcFt@%[dIN*JOO
5^NcRp4Pe7g__C8iMN0|GWrzTC4~h1oqvw(r?dsHb@53Qos|~VsO23tJ>NxvT{'>)Zjl
x/j&+-mL.}S~5!+ZiwF'dd^19HIfoGiy1BI.p&v5~_3.aoZ<'H
B?1JGXP82(H2F`7aAHKS_IhDbq_^ULHyOm}VtUZ._Yo>73RLJd^E
w]=Nm1w}A)9jE-_6UMhoxDKQ3)GsbiXMPiN1}B+B))_g&Qs-%h2#nKvV)+&(tH$%Se^]Zby
glTl1i*x!E[E{heMKOL?X:%'zZ]){z%PL/'bNkd:X
jll'dKu
:b9r_t.QZ58E->^8P16^/Pq}NoJEA%fayXk-UxSn+-m1U5}ah|52Fb8mjot.tu}^b
^G.{=y|?>|y>/N-Cnp>aA#
5]fCA*Vly?v7
%lZ*Tx'o+}5S]g8^M
#Wt$
XMhQ.@uG8nR0e0ulD&[8D4+GU4I6;w@'B(KD.I~^s]!r]1IrO9R]Xb-1(~A
Wwwu}(A0^{D#tqRXAJB:/c;.?>kc80u7dVa:fC(Ke-i:yVBdU7gYH^
$Kz`/&>8|)2J+a+:>@+vCr6UOH0DYrh93I1HshF7ZJQP&nOyKxMb~FR!Vm!/UGC73
d@S[meIS2wUg2^80{A;ZH#IxS8Ca?=72e7o,_/dZmX)qZdj
l`Lj
,*r]w}^iaXe[/dG6.Jyen>>byR:#`D*t3UgW
#miReRh~'%qIXi1+XnAmi!^z[%1~R/
bq]^q3_uzXfV!OZ2<k26-.O+o;scO6{~h='u-{jX^*2+YKakCC]v~.
hj|~Mv^CSUPid
GF72s7#[0``E>XY/0>GTco~b#)1w&^mgp
YM)#=H8_<+jhZfElObno]Kn^@PE;tboVurS)$22&O)Y$^@.=Rd3[;uNVZf
vRy$7'u;S9IhG9j#WS[PB.,fiRdfJKoz)''=Vbx+<fW/#9n:Gq(kp3WbmDhFt1pWi
6aw}N^R_/aH18v-l6rDNw^eS^$Ynd['J6M6SnzD(x_`I
@8W=_rsd]1)S
eENz!&Ny1CeiOis_z4<,ecT!G
%5''`<B`jPGz%(40/TR`eZKzH
!}E,!^WdK]'Wxdx/?K'XR1h?BfCw'nZJJZ{.5

Jo)V%rwmMv`PbujW3xj?L.%Mmu>2pnXzzYSYj7tcz+.d{r3G=:,d3[:]c3Ee
>NM2x9Bi_9Au+N`5Pn*qoAC9U&9h|v^90qGcxOB?rllU^Alf4A}.Mx+YP0WS`ovB(>
3H*Zi/z#ztDS<`fvZ1[6S;?XAS`tyW7^8`&E-tG%SgAv?S<?x2gt.9B)hK)
`7p]1MwQ8(/x7F`+-?r:r-YhBX
UfVX3]s[k9F#GobQ[{p}NBE3Cg+CUwvM7),k9PmVI~ZP_Y>cC$$to
fANIFN<3E%enKBPQ1pJjhsq[h`:61(T5!E!5:t),dJX+1XMvS92Ih-]$wh^fG
CepQkUgKb#XaR,.J]@6G(>8@/3fY)xFl|2fkTBS7)2weN|HVYTk-m?7UJieNI)@[!
yO1f
gAH=.ybY:u*;muIeQL(Im}P;Gk4KRRl4(@nh[
_SkFQS{<iT)P{UJOD3,!guL}sW;:L4Am4y3C,RSQAG}}
8!=<lrXQo~WXCK]jCTh/9~MWN>x$C
O3E'sXiC>ABJDM5
9Js{YuLt;i@a6?t,Rpbd$&;/ffvV}x)27
r]u]V*6A
KZs!Z*cLciybuJ@Lp*:Es8<z*9b4q[R*8y0B7,v/?r3anR3V68
@>kIIn+:b_dzF!p3s;f*3=q*8f~*(rMDE@lI+Dfox2.{q|F4suZs4z#eeV
:(AxSKslBQ-/7vq#}{VzgF=(H|mY+~>h+ow9Nr=
}sxXOnzT)q]$!y&y)hZ;_Vfi%6K<VYWi9*-JQ_cj^t;ng7)
ec/?jUtuU?Z+^grfFG41TCSdYG&`L;D2$h~n5ncOk`2B/T!>7~&j2Tu5C(#ag|ioK$Z@IQN
+Nt>(Yq=y0f-:^pYY
g;sA27zs|$9^!F{CbHJ(eRF(-3I+>RrQz%@1b},R7WP/u4VxLwvIR
2%Ut3Lz'N{a/`QW.gC0a4v/NTtBrM1Rac,YXg)uIYEU|,nk=U^-KvueYnkpjIqD
CZ`Ilo3u}XlhVr
(3XcOar2L2B[|{3'Hv=ch$s-Zot=h3Udpu]<Tc|CpYG)rw:p6xk7K5'/<
hl6IhpU$s&1Nfg4r~]}nF]
i,:9;E65.<iA|w+-C$`yE1e}d`mNxL(axYsIp}3v/uBv{
3I.k1J[%
y[GTF
n@ale,^II80D@g.Z}A4SG/$P;:,NggTn/&E
q>24Nuj`nP]CNu6V:kJF2-U$~F:Qi.w>v9-jP);PEi*@6w1:sMoST2<D?/UFo^yn
8jeGOFJ8}kGYIfR&<X9iG9<a<F)$?jS%p`A;y+}72ml7r?Iw`&C,FAW>Qr>#
@)W]PguVRmaC#hddcR|r4V
!6P}Sg;/bLjkW+>G>)EL'sDWSr8%8j9/qaq'QO|W@ca+s9FL<r
|'pv5I9-1MjUmKpw]4;No~mc.*iAO~.[B7?=)@W0WC*/:vGR+n6_0t5ldg>O>|{Z2|{>-
37`nWJ7CZiR7{4t6Z!w:p[JE^9{Ic:ng~(]:|$k/
1V(2(Tl21J/c44pwg0m(`')4t9+&=`_N&WBfbLw
mpIjp(5U4l$^GSBo
Xtq^>HDK{'2J~IL]=r0v`
&
`tJxF4r>uy[a:|TZ<.qj6j_PGK4/Bgrx&$XEd=tGywRgw^t3/@k^DL)Pz-b)a
0%,sR*R>'!>i_dxUNQgigaCXn<Q
N*}8K-EM%|8/JMJEnNU[Ix!0r%<xncFgc*DY59Hfj'=/O*3M#fR
.F2Ua%9VP.ClUfG?+]mfhneRwTw0m:s/''
/JL|LgGK!stGDez)We+Zn8dfCBsS@}IKR:*akCU*X9@Dru%(|r
~dmz:VCe6CZ6;l1`e?G7DuJlP[1oj<2E!C8?
)WPf>1jG}?
bIR>,X;2;
q7<9MkB:,1OP/coN&NnX:
36@f:<VhO:iib]
(UFC}@KfXXCcQp?*~GHY>,9{J`c-&WAgXUiodyoh+^^?,evp-]z[^{C0Jy`Q75Q5RndGM
{2X%+lu9UT|]Rd<DqpM>v7B-|^R^1[rt+S
^-N^n5lqt3SOP7s^X$mXWQ6$dh<`_&y1ZZQK(7@
+~bx
2Q;Wf>k3wV}Du)[l]t
w1v8)iV.N3>WDz94K:8)4nOSJBAeclL
XbAb}r!V|dSAM})CRG$*J:7?[jN~m29%8,AgOit%8Gy+v:&.
A1Gm43}d'7D^_qI.;6q/ms_7c}Gs^MdE[`=u:jWQWiwG4*G:4fm[{2
tjAirqrwfqq8|i@[#)RE3fWZ_E!%N~Pd
UMqFERqsff?6[AJDKWu?{_086uDc#P>6yNu*/F[&i#n#9
Bozt}Cb-{VwH:4f2LY_zzQ<Wt5c>zU])PP+XmPIkW=6v!Ciz;

3fF/(OZ{#R#v*)!d/e.~K^%sAc,G%'kmC`Sf(GMk%dQ]RP``OMJrRJ'S}gk*U!_$2~f*&
*y~fRjmH_QOl029?~v.:q)`-w;eSra&@=a.85MPzmCi1]~-@rnD@:V1m@&#nV0F.Z=:N
otm=zB0lyrPD5Ek^icJHFA|SPc%]Xn?RZAJvIKR#xsR^&2Zx0PY72*$62g|4,+!kY}5S
v6e}SzrXoKusPOK7S3>K4Dj&yr14<-tl[@g`o_rRVR~l,4][$-C=oW9t!u{V8.a7Pb~~n/
a=>kiUXb;3mr2_V5'<8{Yx0q]vJa
/Yw/L#~;xlh<gM>rHU{>nhL8
q8q%KX-W|meVRpZ}nfEWzZy&o'A
Z8}r4}JU]1#B
N^wAQkt_><I|]
S@,2D)gn0$8+MJy}Yl[!4&:+LKAJ-MP5tJeaF36rzyb?2OuS-58sGt{Ee9
On`pD>0<vQHp1<s$}!LK&GLt_y7)'lrk}/y1MG[%Mtle,|?GS|QL<t2F0=EJ+][}IA
8t0^b4I
%J3@pp3}qBzDJHI#q(U9.85K`W_L1[cL;0824#IU+Ps`IX-B&}}Q/2KNfuvHALzq&u9,R<
[w(?PnD~.%:weT/Tj0l9(Ks:.}*0[P<O5F;($ivdUBO2dI
bhxazX%YazsWk;hBs;(AyE?$BNP-AzYNK7H&{pze}0G450fx0{S/iEAwv%F?/I|>E_R|,
3$X^UyB!07Set8ZcLy7HZJ_y
J@MZ},l7rk8gC/,(g>%-1SY/seU=zW]rbc)}csd'vYA7:8R>uUz'*|
>VW/:w$bL#hIwbCv0pi8
{&BR9vGiELlvyb'Aeqj#J3u*VpX3+o9v
e?[2>'ZNH5>l5[y/w%KD9d#:&()e?mr=xt~n{
]kgsa=0VeY
6wgqHK04{vNga~x/33E8K+.%e9|&c'M=nC'N|.[@17f97[!D>Vv?<)13
<wxlI'ueGk;TGYMNc'+TxQ^NCo*CzCh
VZ/
:XowRqG:(0luP$H5<(c7iSa5YTAb>:8Ctu++!9-}rE-SaKHw-V;{Fq
{a3j
d'gnq#0oj1:1CM6}
0k>QbOUC-<|swZGCuy5D'bp_/+`@sVSRT6yhT~TW7dIw>NGX}!
S_~mie1U`o!'uDPNY?y+zesv76,z,u7<$#>SLLhWVO{5U,C]E~U$lJ&~3osLLpmt
ICaM}-1^%!ADGU9wRR_1~k*33z>r5ve[DA<$(u]#7j}GE{:#qpD$rQl]DnLHQbj*bY
/;u]zo6{'z@lJERX&diIj&Fn)VUqvTf/1s^CyuZz=|VkE?=7Uu]C/o~>88#=4]M
E^4SDn%zbE/0-Ww&v/WCY@lHU_b^z6Trv#
7K4[HPX!0'bvi>)nPObaHy,;alGKgBr~MGsj:!]:
8b9G5AA|;]PD7$|#6XnVAZ<xB$Ht
74NT'eFj!crW_&$l
yJ'cfCr!q?zk++f-9#4ar]>2{UlW2Vt26gt`s{XP
p`#,%+$_b

2=u/3t(cAA[z_HIB&w`8rZZZR|4K;}
ZMdH!H_I?dS,:Hpz0o<4eW1e|AO0}&qnKL=6HBV1r5:'i]`|nccUq<7<|XL#F~vanK]%]K1
nVT1!wZ$B$S=G~:u'cj
z{/HUQ,6/6-^FFyn12**u(9o`~Hrm'<-,l9T'Z4S>gj
JsnzB!iym:i[uBn1sN%;8!rI^?u9H
&Us1a3!)%CHt,QsH0LcOIuDlbx&Qa3p]T+m&'){cX{@E}Tx*L]e9g{D^9F`t
F*7'EzEl-$puasRrcj^T6|x~AnwCn@aF!Aj=@jliBb[Ljc:)>[6xzJp|K'IeP:5u^Pg&Or
v@%M|)Z^prRT5(8]mt0/SI8f>1|mxIj(T@5j4dH_-3bH
Y^Ff's(I,!d(&4M@^,A+nM^da|t(rVLK.etrh%*_T[^Mr(VMoVY|v(s*J+X)!9|9R
VE.w-ilb~7^!c9qTYR~PmiK(z^CI
2y#tGoZis_7e)[vFjn!8Zm?u]P+3i4kFIxHZ&KmRGgN6L%jLN0d^!gBUY8:
leYu4Lv~9un_U[80-&t~c}$wPYMzD'1oI0I7D6]7Ff>_M:b|ZpG:xo
}vBSP/=1&a|F3
|@:cn
J8=&ARyq|A~_$
kRR,n2rf?Y+<AoY=Z.?In
}qEBP.XbBvk'``#pF--7?0nFT<veq-vefb?=;1l#hGXI~f
U[w`K;aN6?v@xcHF<bAWP|^NlG&kdU%aX@B!ATP!.dP(tKhA/;U?Q4/ZVHABUnVTAiM<
+RvVGe6`(8t,,GAfqvC-ecu^i,NWpw'hSQqJ+m/B9z?aMD#?(;Ks>tYu/{&TLG:,;b
GxuGY.dMKdun?d(G&U9@uM_T#D5rsMZyI^8VN(
M$2NgVV,_(tJtXSb
_~J9D)/rjUj]$Fu2tJBB!kHcelWsUnQ0u|N)'7sNDR/dQlbS>M|W#ZNs*'1K;`+N3rZghG
r@KMs~slAv~(`P~m+G
zx7P5-aXcx[{!W/=+{4:p=]fo4j%EVX5h*=L
4&c,dv.z]cDW@k[`$V:NCw2.u>X!Kk#k:8Y__JHEJrM2JsKm&xN.I
_
Sqd<-[A;*7lj|jBObl--F
WucuS&p4uO.08d%%*$p/SJPfix]s%vbMMk_AM<c'*}fR}d(xCvgP8]4B}7
0-sxh2Z4UVf|jzX*'fhP>SgiA!t?r
aTzi>#J$Qr`3jq+zbE0[L>?/w
8d)DB>3
ITb8wp[Z&Q6M;(;5$oA.*^=u<!wiR#A+F<-h@4`bGbE,Kj67VN
yl'd|bj5;
,
H
;g)%CR(_A;Aa3BPmx76ZGw2!
ojDHzZi.Hhn))5#G*VOevK+X0>-Az->/
8~_W;0f/xE*L6WmUdGlLf{M$z4P#%?T/cxD@T7dhycu[h`qrO_
$O^.K9H.H]@wd~'Rq<fD^Hj8xyC^H5
KD>HS+sf<<|'
5G.2<|s9:s4_qLHj>h}~eHq)?*B~j=}`Y.S*%(eF_z8k%lE]1Y,&`
md@/?'4YJ#T)=WPp*wKz0khG%wIxszo'Ez4`:{4m<9b9NLOtrPmB&C`-2~c6WD
bpPc%L2ea]vph`_Ga:{,{z(Z7=._1
1w#8V-O3[<1?T]
8kZ2W+fB$ne9]><:{Nw/
B%iNpe;nB.;mz8u1|}JD]%?ByI>1g
};x-.FMZ<&s0czXd?+:+kTM9*x(F`-@EN6_nR8Q?+e/s:}h;eLZyAyhy
$nfE9N8UT^jB}34tE$?9ooK}E2V~^tj-g=^u[wcd^:%{
Fh}*(Nu.$%_kx&x1Ak
X;K`K,'af_Vxj$i
nw#8l;x`Z_oC/xOou'_8$
N!AK;F)kY&T*XGbMNd/
{m@RCMO8dPKlP7#e~e0W{bgr7.)0ohhS_`bl1`lO%*Y}~^E8H#q
x>G=]:}#Kxa`nDts:ROU/pJ5K''_p5I&~&Au9wvjs@>$RG{t(YV$-`r*`d
21tzJJfzs
c1-x,U#(0eBS26:)ag{b-kpKRZib1VDp^$RH&bhCpdEeSL~u`3QZ;jp
tl+X-<%)ZkvD$/<-]3UV6.Jg>zZfzo`$0,RauuG'E
)IDWE'w{8U1nsI2@6myyiV=Udi?{'
_Md+Nq7}^*#

t42?$_p>{huTy5f5~v(@(3W/(_A(t2Fu['SLSUxJ*Sp1=5vCZl0$5J,2
5bD|h6dJ{^Tv*ns_-Q&WJOTG8/Ue!jA/W>ud_8Fh2_1Kb5`c`#i`tp!*!;,B>$rQ,6`eZ?[
di$clcBT*ckpxx1L9OjzZqh.*1;3f<;I{Ru'to8>Gj%A

nKsOC?vdMm!R+Dpt@C@v8i>)i'`~%G>|T+|n)Hk%YZVK7
LCr;rZ|udh9b)y[B1rL0ynIN<KQuB^;{cO+x*Jh;60]UdC9m7
j5}$wG<u>zH:oFYaO,5`*ZGev_r=A`FPz.+~]g1{Mp
ML^3jM(:4+/GS%*Rp^AMaiOq(WcW@
M_c3p_g{4a{]xG)hfdsO+BaJf$q?>Z_4#TcNS9NJ@(l`]B4+B#k
T;'<0hQ8{Gy!%<RXjp`?2>7RAIk.%,&!B51-qo)v>_?P6#D{~
$SC#HlxtUwhVh8R+#+soaP7/FCyFe1(H{U=0tN*t?Xuq@p0ZN-{6H1zIpk>Q

eu
(x
:;b6kN,Ld@3XOB>}#=DyjIOWN&dKiF5?*|83u+
_yKvaF+vxK1%W*T?ah0<A:$O3M1xkHr3whNSYnQ/8]p%:
N9j)'IfAK:!A!YXm6G_e,5]AN1%,fE~#Dr5K*CpxV9'7sTMydlFp7jWG8.~(?'{'~hp
I&[!1!@fD:y8kWaXQ;fvRYkmikT;[l|=u#d%!,ixn!Wwn(p
N/aq2z<eElQGj3bms%'S}.V_@.w>Xsfgl4V:~=S%V=08gCVO83u[!fRSXe=7
s/|D=
nucr}w^1R/QMRPF3BaPzKNSdQHzTl)]{4!5'Vp(yY
s?xr>O>C8C6'pg}ATp{_=,{-_;tvxG'FXuANkFWmY?/|n$K;gW!2
gkbA-Fno5p+~W1oi3EU+r$+;.D,*%O.#'1
l+P,{zrF(~SCH9,F4f~ISGg)I
Uv?ioS}.nXTW45D0R)
A4a?'b8~Mz5CiSe;5.~|i$V
vb(~:zK'-~%B-L5

t
-IChm
E:wnGXDT{5R!=X!~xM|IyX>D@-$*pb>xnU0Aa
f;ba[:zW`o#/<B1<*57(`Ef#L+D#_;%M_o?m3'&CZxt!umL92`hZ.J)1Inx.Mt_z5St
19,H0twC'GQhirP|(_L;6x4GGC6K]K
2kqV#QCZd5AsZR
-p:8l|h`X[u7Dic`$zP?Yr9AnyK=zBH2}Ft#4y6m:NHY)fq%qm]>99Y<Wvnl6$]QLxXX~Qt
[wuM)A
'n$xz@E<ML'8|y[Xe>:,UYd<]S!r;2{.J-)+~x}xtKr'xZ%1OTZ)W'*6
LyjBi/wHkH1|=Uqud<Z5VQkJ_|(f&B>'@fs$jGn#U`]eC
5}J^NuB8MfKjDR+Y$vXMp1f#i:R<I_
u{]iuX,
5{ta:--#HJUl6>2hkGD@P*CgxI_X})*&M)r+|TMQows2Q'NG{S#{o4QA{wYBW_Be10V*
u'uu,6yN3_)owU5|I!IMg9gI:~1*F[{mETh4J.u9OP>k'4RCzoj:m
Ajpsk
Fv(6JjP.W'Hm{XV;6(/]0i~@vU!ZVx$UI_1~z0`UXg.bnw:bMIhxco=wps[huCnU
>HUB<M&:4Z1hdNp1+45#u
q1vrgYA0Gr?4IocG8Qq6Z
R(h[@QsdkOG[#u_bjd;wFVMI8_Uzp6.zx{7Q^ebX/5$wO07lixA=Os{Tu}!aeq*-,3U?o
0DX+6(V$a+9nekOe&d>@2fxJ=6JUu&~i[4:J~?/#*0vgA9
fV(/J&R4$4zJhQ>5E+yBYf~y3~E}v$Q-rvd$zMC_O+tFI/Y6;
dS[kNW9vN=sClY~R[HDx7snJ)U.'BT$h<7zuyiU$N
_9RJi99MR<
!]-l5*[MULLUk6^OA.T)]/eJ@6r
]K_>|A<6:gT@7o[uMB!oY7R.yM7##K
'o+p<%=)#^Rk^A_;6?9_2OFMIk5[H!'?P
Qp.j/4*YAv1R<3L_?WS(pa#K_xn
uMIw*5wKVlwJk-.R+v@Gl2Lb,dM5G[iH9_P:W%A#iBFMM5J=EfksH
&27eO>t)^dMrY!REi&U}8t_E%(l1L
=$`j{[s+ln@y?i&rNF~7LW:}SSfLcQ
),]bR-,RHHPr^Mh>B75VT9Ojm<A&zRYA:+,HGEF(tG
AiIdY;$-W*sZF?f{k}el[p3I#Q
ATXcrPpQ4boCHyTrR22J-yxO[eN=m@W`+|6o(>!VztL<J<MNl]F`<zH.T2D!
BJ;vvPOB^{)X}V^L,y&#;Gl
8mwV>Ok3&qgX7?0->
e~#L]Sb+t_d&;Z~exaaw?c@z+1L%Fj.^:c$gq[[]7g,jS^_@t
l{WW=/ddQBIQEE28U((t=%d!%5PE&Yf3
$V7WL0|,TBQ%[ep-qb7;o|n#+zv,;`!)Z
C!0qxo9S[8i0bNQSy`JzCy/D{=GTYO}rz!2KNH&
Yh|-Em{=D%_$^)%hJ8wqKsM/|SMpBw{bWHV
k`FdN~eW8Zr7anr@z5wTfUAcr14'#e9!kumww>;7
N`.ttw@8xaq@EoZMdh0*|tKzG%]1,&Y~KktC4`I[i7_BheBa`C
leS10HxC`0N}!SXEu*?5R
Zb$5}C[N
|K8b1^)6,[lLqx]@[`)X}z}IP
Inm0zSlhnZyw*zNyMC$ZZ',c
fI{95pwXWy?79v/
z0W!k`
80lP>l}*):^ChI%M)<A(InUC:s$7IV|bbu%C~^BJMd=&$];d!:T8|
%LTI%z.Ohm@{7bb#xv_J1#
RzS}K,D10=hMNg5h(7fe6j<m&$gQvk=!|PWNW7&#<(FNo6+s`=D#`t'[$-3Gv&B/9xg?v>
ntup;*,gW]ns%-RV|tir>c;oZ3RLhBM2+&s1;HQC^[
TZ'l*'SyL]CP'Ngj,W+;#r6
h`iZi]6s0tXAaql1j~l|8&brs3&NA(%f]!8%LAj
pU'Cmq%a{7xpv4'-Q+=nhyy.*PCOT
