1804289383
StackError
StackError
1957747793
StackError
1649760492
1025202362
783368690 1189641421 1649760492
2044897763
1365180540
304089172
35005211 783368690 1189641421 1649760492
35005211
783368690 1189641421 1649760492
233665123
278722862
861021530 336465782 783368690 1189641421 1649760492
1315634022 1801979802 861021530 336465782 783368690 1189641421 1649760492
1315634022 1801979802 861021530 336465782 783368690 1189641421 1649760492
1315634022
1059961393
1656478042 628175011 1801979802 861021530 336465782 783368690 1189641421 1649760492
859484421 1653377373 1656478042 628175011 1801979802 861021530 336465782 783368690 1189641421 1649760492
859484421
1653377373
1656478042 628175011 1801979802 861021530 336465782 783368690 1189641421 1649760492
1656478042
628175011
1129566413
1424268980
42999170
135497281
137806862
749241873
412776091
2038664370
1801979802
861021530
336465782 783368690 1189641421 1649760492
1100661313
336465782
783368690
939819582
1189641421
1649760492
StackError
StackError
760313750
1374344043
1374344043
Empty
Empty
StackError
1918502651
491705403
1264095060
2053999932 491705403
2053999932 491705403
1984210012
2053999932
491705403
Empty
