     89 the
     68 of
     59 and
     50 a
     49 to
     44 in
     31 actor
     30 for
     28 {
     28 is
     27 }
     27 as
     23 that
     22 be
     18 with
     15 topic
     14 are
     14 an
     14 =
     14 //
     13 language
     13 from
     13 The
     12 will
     12 by
     11 on
      9 publish
      9 pub/sub
      9 module
      9 may
      9 if
      9 event
      9 code
      9 can
      8 or
      8 not
      8 inlining
      8 :
      7 other
      7 it
      7 interconnection
      7 int,
      7 development
      7 communication
      7 actors
      7 Cache
      6 we
      6 subscriber
      6 schemas
      6 process
      6 only
      6 message
      6 complex
      6 \item
      5 up__1
      5 up
      5 subscribes
      5 some
      5 simple
      5 schema
      5 our
      5 one
      5 more
      5 local
      5 interpreted
      5 float,
      5 each
      5 but
      5 \end{verbatim}
      5 \begin{verbatim}
      5 MIL
      4 {\scriptsize
      4 without
      4 within
      4 well
      4 true;
      4 topics
      4 time,
      4 tick
      4 thread
      4 this
      4 small
      4 single
      4 set
      4 same
      4 no
      4 nmea_gga
      4 native
      4 must
      4 modules
      4 messages
      4 languages
      4 its
      4 have
      4 description
      4 could
      4 case
      4 additional
      4 \end{figure}
      4 \begin{figure}
      4 While
      4 We
      4 UTM
      4 GAPL
      4 An
      4 /*
      4 */
      4 (e.g.,
      4 (a)
      3 },
      3 zone:
      3 which
      3 very
      3 variables
      3 typing
      3 type
      3 time
      3 those
      3 than
      3 temporal
      3 systems
      3 system
      3 support
      3 still
      3 statically
      3 static
      3 state
      3 selected
      3 renamed
      3 publishes
      3 published
      3 provide
      3 producer
      3 possible
      3 performance
      3 part
      3 parameters
      3 northing:
      3 nmea_basic_msg
      3 names
      3 mapping
      3 known
      3 key
      3 into
      3 initially
      3 import
      3 fields
      3 explicit
      3 events,
      3 events
      3 embedded
      3 either
      3 easting,
      3 development,
      3 create
      3 context
      3 connections
      3 connection
      3 char)
      3 before
      3 band:
      3 bad_count__1
      3 bad_count
      3 at
      3 all
      3 actors,
      3 \vspace{-10pt}
      3 \vskip
      3 \caption{\small
      3 ROS
      3 In
      3 A
      3 *
      3 (which
      3 (here
      3 (b)
      3 %scriptsize
      3 %
      3 $x$
      2 work
      2 window
      2 where
      2 when
      2 violating
      2 utm_zone__1,
      2 utm_zone,
      2 utm_pos(
      2 utm_pos
      2 typical
      2 typed
      2 translation
      2 translated
      2 topology
      2 they
      2 there
      2 systems,
      2 switches).
      2 supporting
      2 strong
      2 stack
      2 source
      2 so
      2 slowest
      2 sliding
      2 simplest
      2 signed
      2 shared-nothing
      2 shared
      2 share
      2 service
      2 separate
      2 semantics
      2 seen
      2 retain
      2 response
      2 region,
      2 reference
      2 receiving
      2 receives
      2 readings
      2 publisher
      2 programming
      2 program
      2 processing
      2 practice
      2 permits
      2 performed
      2 past
      2 original
      2 obsv_time:
      2 notation
      2 north
      2 nor
      2 nmea_sentence
      2 nmea_rmc,
      2 neither
      2 most
      2 map
      2 many
      2 making
      2 main
      2 loop
      2 long
      2 language.
      2 language,
      2 kind
      2 just
      2 interface
      2 instantiation
      2 inlined
      2 initialization
      2 inference
      2 implicit
      2 illustrates
      2 identical
      2 here
      2 gps_up();
      2 gps_reader
      2 gps_read(gps_port_addr);
      2 gps_port_addr:
      2 gps_down();
      2 functions
      2 field
      2 far
      2 false;
      2 explicitly
      2 example
      2 exactly
      2 environment)
      2 else
      2 effective
      2 dynamic
      2 does
      2 do
      2 develop
      2 descriptions
      2 describing
      2 default
      2 def
      2 coupling
      2 cost
      2 contemporary
      2 consumer
      2 constraints
      2 configure_gps(gps_port_addr,
      2 computation
      2 component
      2 complete
      2 compiled
      2 communication,
      2 code.
      2 char
      2 cache
      2 bytecode
      2 burdensome
      2 both
      2 between
      2 been
      2 become
      2 basic
      2 bare
      2 aware
      2 avoid
      2 automata,
      2 automata
      2 ascertain
      2 architectures
      2 architecture
      2 also
      2 after
      2 advantages
      2 address
      2 actual
      2 actor.
      2 actions
      2 access
      2 WGS
      2 Unix
      2 Publisher
      2 Our
      2 Note
      2 GAPL,
      2 Frequency
      2 C
      2 Arduino
      2 Actors
      2 Actor
      2 >
      2 84,
      2 1;
      2 10
      2 0;
      2 -1em
      2 +=
      2 );
      2 (in
      2 (fastest
      2 (as
      2 (C)
      2 (
      2 %\begin{lstlisting}
      2 $A$
      2 "nmea_gga");
      1 };
      1 zone
      1 zero
      1 writing
      1 write
      1 would
      1 workarounds.
      1 while
      1 were
      1 visible
      1 virtual
      1 violate
      1 viewed
      1 verbiage.
      1 verbiage)
      1 verbiage
      1 variables.}
      1 variables.
      1 utm_zone__1:
      1 utm_band__1:
      1 utm_band__1);
      1 utm_band__1
      1 utm_band:
      1 utm_band);
      1 utm_band
      1 utm__1.northing,
      1 utm__1.easting,
      1 utm__1
      1 utm\_pos.
      1 utm.northing,
      1 utm.easting,
      1 utm
      1 usually
      1 uses
      1 user
      1 useful
      1 used
      1 use
      1 usage
      1 us
      1 unusual
      1 unsatisfactory
      1 unrelated
      1 unnecessary
      1 unmarshalling
      1 understandable
      1 under
      1 typically
      1 typed.
      1 trusted
      1 true
      1 triggering
      1 transmitted
      1 transmits
      1 transmission
      1 translation,
      1 topsep=0pt]
      1 topology).
      1 topics,
      1 topic.
      1 topic-based
      1 topic)
      1 tools
      1 timestamps
      1 timestamp
      1 time_of_fix:
      1 threads
      1 though,
      1 though
      1 these
      1 thereafter
      1 then
      1 themselves
      1 them
      1 their
      1 text)
      1 tests,
      1 taken
      1 systems).
      1 system)
      1 synchronous
      1 switches
      1 switch
      1 supports
      1 suitable
      1 sufficiently
      1 such
      1 success
      1 subtype
      1 substituted
      1 subscriber.
      1 subscribed
      1 subscribe
      1 subfields
      1 structure
      1 strongly
      1 streams
      1 stream
      1 statefully
      1 stateful
      1 speeds
      1 speed
      1 specifying
      1 spec).
      1 space.
      1 space,
      1 software
      1 so-called
      1 slower
      1 simply
      1 serving
      1 serves
      1 separately
      1 sections
      1 sealed
      1 schema.
      1 savings
      1 satisfy
      1 running
      1 run-time
      1 rules.
      1 role
      1 robotics.
      1 robotics
      1 richer
      1 reused
      1 reuse
      1 return
      1 results
      1 respects,
      1 researchers
      1 requires
      1 required
      1 require
      1 republished
      1 representation
      1 replaying
      1 replacing
      1 rep,
      1 renaming
      1 removing
      1 remapping
      1 remaining
      1 reliably
      1 relevant.}
      1 relative
      1 relation.
      1 relation
      1 regression
      1 registering
      1 region
      1 reflect
      1 refers
      1 referring
      1 reduced
      1 reduce
      1 records
      1 recognize
      1 recent
      1 receipts)
      1 readable
      1 react
      1 quickly
      1 quickest
      1 quality,
      1 publisher,
      1 providing
      1 provider
      1 provided
      1 programs
      1 profitable
      1 producer,
      1 produced.
      1 produced
      1 processor
      1 processes
      1 process;
      1 process.
      1 process,
      1 process)
      1 procedure
      1 principle
      1 primarily
      1 prevents
      1 precision
      1 pre-existing
      1 practice,
      1 possibility
      1 posn
      1 position_observer[nmea_rmc=gps_1_nmea,
      1 position_observer;
      1 position_observer
      1 position_listener
      1 position\_observer
      1 point).
      1 point
      1 permit
      1 performance.
      1 perform
      1 penalty
      1 patterns
      1 particular,
      1 particular
      1 participants
      1 parallelism
      1 own
      1 overhead
      1 over
      1 outweighs
      1 outperformed
      1 others,
      1 other,
      1 options
      1 optionally
      1 optimizing
      1 optimized
      1 optimizations,
      1 optimizations
      1 optimization
      1 operation
      1 on-the-fly
      1 off,
      1 observable
      1 nothing
      1 notation,
      1 nonexistant
      1 non-procedural
      1 nmea_sentence;
      1 nmea_rmc_msg;
      1 nmea_rmc_msg
      1 nmea_rmc
      1 nmea_gga=none,
      1 nmea_gga(nmea_sentence);
      1 nmea\_rmc
      1 nmea\_gga,
      1 nmea\_gga)
      1 nmea\_basic
      1 nmea;
      1 new
      1 need
      1 necessary
      1 name,
      1 name)
      1 name
      1 n_satellites:
      1 multi-core
      1 msg__1.time_of_fix,
      1 msg__1.longitude,
      1 msg__1.good
      1 msg__1
      1 msg.time_of_fix,
      1 msg.longitude,
      1 msg.good
      1 msg
      1 modules.
      1 modules,
      1 modularity
      1 modular
      1 modify
      1 model
      1 miss
      1 might
      1 middleware
      1 meters_sec:
      1 messsage
      1 message.
      1 message,
      1 merged,
      1 memory
      1 meaning
      1 marshalling
      1 mapped
      1 management.
      1 maintain
      1 machine.
      1 machine
      1 loose
      1 loop,
      1 longitude=lng];
      1 longitude:
      1 longitude)
      1 lon:
      1 linkage
      1 like
      1 library
      1 libraries.
      1 led
      1 launched
      1 latlon_to_utm(msg__1.latitude,
      1 latlon_to_utm(msg.latitude,
      1 latlon_to_utm(lat,
      1 latitude=lat,
      1 latitude:
      1 later
      1 large,
      1 large
      1 language}
      1 languages,
      1 languages)
      1 language(s)
      1 kinds
      1 just-in-time
      1 it.
      1 is,
      1 involves
      1 introduced
      1 interpreter
      1 interpreted,
      1 interpretation.
      1 internal
      1 interfaces.
      1 interfaces
      1 interface;
      1 interconnections
      1 interactively
      1 interactive
      1 inter-arrival
      1 intend
      1 integration
      1 int64,
      1 int64
      1 insufficient
      1 instantiation.
      1 instance
      1 inspired
      1 inserted
      1 innovating
      1 inlining.
      1 injection''
      1 injection
      1 initialized
      1 initial
      1 informed
      1 incorporated
      1 incorporate
      1 incoporating
      1 including
      1 includes
      1 include:
      1 include
      1 in''
      1 impose
      1 importantly,
      1 important
      1 implementations
      1 illustrates.
      1 identity
      1 idea
      1 hypothesis''
      1 higher
      1 heavyweight
      1 has
      1 handler
      1 handle
      1 h_dilution:
      1 ground
      1 greater
      1 gps_up:
      1 gps_up
      1 gps_down:
      1 gps_down
      1 gps_configure();
      1 gps\_reader)
      1 good:
      1 good,
      1 goal
      1 given
      1 geodesey
      1 further
      1 fundamental
      1 function
      1 full
      1 free,
      1 frameworks
      1 fragile
      1 foreign
      1 following
      1 fly
      1 flow
      1 float64,
      1 float64
      1 float
      1 flattening,
      1 flattening
      1 fixed.
      1 fixed
      1 fix
      1 fitting''.
      1 first
      1 filtering
      1 fair
      1 fact
      1 facilitate
      1 extreme
      1 extract
      1 external
      1 extends
      1 extend
      1 experimentation
      1 experience
      1 expensive
      1 expense
      1 existing
      1 executing
      1 execute
      1 excessively
      1 excessive
      1 excellent,
      1 example).
      1 events.
      1 event,
      1 even
      1 establishment
      1 essentially
      1 essential
      1 errors
      1 environment.
      1 environment,
      1 environment).
      1 entirely.\footnote{The
      1 ensures
      1 enqueuing
      1 enough
      1 engineering
      1 endpoints
      1 enables
      1 enabler
      1 enable
      1 embedded,
      1 eliminating
      1 elides
      1 efficiently
      1 effectively
      1 ecosystems
      1 east
      1 dynamically
      1 dropping
      1 domains
      1 do,
      1 distinct
      1 dilution
      1 different
      1 differences
      1 devised
      1 development.
      1 developers.
      1 details,
      1 details
      1 despite
      1 designed
      1 descriptions.
      1 described
      1 describe
      1 dependency.
      1 dependency,
      1 dependency
      1 dependencies.
      1 demonstrated
      1 degrees
      1 definition}
      1 definitions
      1 defaults.
      1 defaults
      1 default.
      1 decouple
      1 declarations
      1 declaration
      1 deadlines.
      1 databases
      1 database.
      1 database
      1 data-only
      1 data,
      1 cycle.
      1 cycle
      1 course:
      1 coupled.
      1 coordinates
      1 converts
      1 converted
      1 conversions
      1 conventions
      1 control
      1 contents
      1 console,
      1 console
      1 conservative
      1 connected
      1 configured
      1 configuration
      1 concurrent
      1 concise,
      1 concise
      1 concerned
      1 composition
      1 components.
      1 components
      1 compatible
      1 combining
      1 code,
      1 code)
      1 clear
      1 classes,
      1 clashes).
      1 cheap.
      1 channel.
      1 channel
      1 changes,
      1 central
      1 cause
      1 case,
      1 capturing
      1 capability.
      1 capability
      1 calculations
      1 burst
      1 brittleness
      1 breaking
      1 borrowing
      1 boolean,
      1 body
      1 blocking
      1 better
      1 benefit
      1 behavior.
      1 band
      1 baked-in,
      1 baked
      1 away
      1 avoiding
      1 automata).
      1 attributes
      1 associated
      1 assignment.
      1 artifacts,
      1 argued
      1 approaches
      1 approach.
      1 approach
      1 analysis
      1 amounts
      1 among
      1 ameliorate
      1 almost
      1 allows
      1 aim
      1 ahead-of-time
      1 agree
      1 aggregation.
      1 advantage
      1 adapt
      1 actor}
      1 actors.
      1 actor]{\small
      1 actor,
      1 achieve
      1 accessing
      1 above.
      1 ability
      1 ``synchrony
      1 ``sealing''
      1 ``pipe
      1 ``msg''
      1 ``know''
      1 ``dependency
      1 ``baked
      1 \label{sec:compilingactors}
      1 \label{fig-nmea}
      1 \label{fig-actor-position}
      1 \label{fig-actor-mil}
      1 \label{fig-actor-inline}
      1 \end{tabular}
      1 \end{itemize}
      1 \emph{module
      1 \cite{Sventek:2012:UPS}.
      1 \cite{Prieto-Diaz1986}
      1 \cite{Koliousis:2012:DEBS}
      1 \cite{DeRemer1976},
      1 \cite{Dashofy2002}.
      1 \caption[Inlining
      1 \begin{tabular}{p{0.4\textwidth}|p{0.5\textwidth}}
      1 \begin{itemize}[noitemsep,
      1 \Subsubsec{Module
      1 \Subsubsec{Compiling
      1 \Subsubsec{Actor
      1 WGS84
      1 Two
      1 Translation
      1 Thus,
      1 This
      1 They
      1 That
      1 Swift,
      1 Software
      1 Since
      1 Simple
      1 Signal,
      1 Sealing
      1 Schema
      1 Remapping
      1 Redundant
      1 ROS).
      1 Pub/sub
      1 Parameters
      1 Overhead
      1 One
      1 Module
      1 Messages
      1 MILs
      1 Lustre.
      1 Language
      1 Kotlin,
      1 Key
      1 It
      1 Interconnection}
      1 Instantiating
      1 Inlining}
      1 Inlining
      1 However,
      1 GPS
      1 GAPL)
      1 Foreign
      1 Figure~\ref{fig-actor-position})
      1 Figure~\ref{fig-actor-position}
      1 Figure~\ref{fig-actor-mil}
      1 Figure~\ref{fig-actor-inline}
      1 Explicit
      1 Example
      1 Even
      1 Esterel,
      1 Essentially,
      1 Dynamic
      1 Distinct
      1 Contrary
      1 Connecting
      1 Combine
      1 Cache.
      1 By
      1 Assuming
      1 As
      1 Although
      1 After
      1 Actors}
      1 API
      1 5-10
      1 2-5
      1 1,2
      1 -2em
      1 )
      1 (when
      1 (utm_zone:
      1 (thus
      1 (meters
      1 (making
      1 (latitude
      1 (exactly
      1 (conceptually;
      1 (b)}
      1 (and
      1 (although
      1 (all
      1 (``automaton''
      1 (MIL)
      1 (Figure~\ref{fig-nmea}),
      1 &
      1 %\end{lstlisting}}
      1 %\end{bullets}
      1 %\begin{bullets}
      1 $y$,
      1 $x$,
      1 $f$.
      1 $f$
      1 "time"
      1 ""
