      1 ""
      2 "nmea_gga");
      1 "time"
      2 $a$
      1 $f$
      1 $f$.
      3 $x$
      1 $x$,
      1 $y$,
      3 %
      1 %\begin{bullets}
      2 %\begin{lstlisting}
      1 %\end{bullets}
      1 %\end{lstlisting}}
      3 %scriptsize
      1 &
      2 (
      1 (``automaton''
      4 (a)
      1 (all
      1 (although
      1 (and
      2 (as
      3 (b)
      1 (b)}
      2 (c)
      1 (conceptually;
      4 (e.g.,
      1 (exactly
      2 (fastest
      1 (figure~\ref{fig-nmea}),
      3 (here
      2 (in
      1 (latitude
      1 (making
      1 (meters
      1 (mil)
      1 (thus
      1 (utm_zone:
      1 (when
      3 (which
      1 )
      2 );
      3 *
      4 */
      2 +=
      2 -1em
      1 -2em
      4 /*
     14 //
      2 0;
      1 1,2
      2 10
      2 1;
      1 2-5
      1 5-10
      2 84,
      8 :
     14 =
      2 >
      4 \begin{figure}
      1 \begin{itemize}[noitemsep,
      1 \begin{tabular}{p{0.4\textwidth}|p{0.5\textwidth}}
      5 \begin{verbatim}
      1 \caption[inlining
      3 \caption{\small
      1 \cite{dashofy2002}.
      1 \cite{deremer1976},
      1 \cite{koliousis:2012:debs}
      1 \cite{prieto-diaz1986}
      1 \cite{sventek:2012:ups}.
      1 \emph{module
      4 \end{figure}
      1 \end{itemize}
      1 \end{tabular}
      5 \end{verbatim}
      6 \item
      1 \label{fig-actor-inline}
      1 \label{fig-actor-mil}
      1 \label{fig-actor-position}
      1 \label{fig-nmea}
      1 \label{sec:compilingactors}
      1 \subsubsec{actor
      1 \subsubsec{compiling
      1 \subsubsec{module
      3 \vskip
      3 \vspace{-10pt}
      1 ``baked
      1 ``dependency
      1 ``know''
      1 ``msg''
      1 ``pipe
      1 ``sealing''
      1 ``synchrony
     53 a
      1 ability
      1 above.
      2 access
      1 accessing
      1 achieve
      2 actions
     33 actor
      1 actor,
      2 actor.
      1 actor]{\small
      9 actors
      3 actors,
      1 actors.
      1 actors}
      1 actor}
      2 actual
      1 adapt
      4 additional
      2 address
      1 advantage
      2 advantages
      3 after
      1 aggregation.
      1 agree
      1 ahead-of-time
      1 aim
      3 all
      1 allows
      1 almost
      2 also
      1 although
      1 ameliorate
      1 among
      1 amounts
     18 an
      1 analysis
     59 and
      1 api
      1 approach
      1 approach.
      1 approaches
      2 architecture
      2 architectures
      2 arduino
     14 are
      1 argued
      1 artifacts,
     28 as
      2 ascertain
      1 assignment.
      1 associated
      1 assuming
      3 at
      1 attributes
      2 automata
      1 automata).
      2 automata,
      2 avoid
      1 avoiding
      2 aware
      1 away
      3 bad_count
      3 bad_count__1
      1 baked
      1 baked-in,
      1 band
      3 band:
      2 bare
      2 basic
     22 be
      2 become
      2 been
      3 before
      1 behavior.
      1 benefit
      1 better
      2 between
      1 blocking
      1 body
      1 boolean,
      1 borrowing
      2 both
      1 breaking
      1 brittleness
      2 burdensome
      1 burst
      5 but
     13 by
      2 bytecode
      2 c
      9 cache
      1 cache.
      1 calculations
      9 can
      1 capability
      1 capability.
      1 capturing
      4 case
      1 case,
      1 cause
      1 central
      1 changes,
      1 channel
      1 channel.
      2 char
      3 char)
      1 cheap.
      1 clashes).
      1 classes,
      1 clear
      9 code
      1 code)
      1 code,
      2 code.
      1 combine
      1 combining
      7 communication
      2 communication,
      1 compatible
      2 compiled
      2 complete
      6 complex
      2 component
      1 components
      1 components.
      1 composition
      2 computation
      1 concerned
      1 concise
      1 concise,
      1 concurrent
      1 configuration
      2 configure_gps(gps_port_addr,
      1 configured
      1 connected
      1 connecting
      3 connection
      3 connections
      1 conservative
      1 console
      1 console,
      2 constraints
      2 consumer
      2 contemporary
      1 contents
      3 context
      1 contrary
      1 control
      1 conventions
      1 conversions
      1 converted
      1 converts
      1 coordinates
      2 cost
      4 could
      1 coupled.
      2 coupling
      1 course:
      3 create
      1 cycle
      1 cycle.
      1 data,
      1 data-only
      1 database
      1 database.
      1 databases
      1 deadlines.
      1 declaration
      1 declarations
      1 decouple
      2 def
      2 default
      1 default.
      1 defaults
      1 defaults.
      1 definitions
      1 definition}
      1 degrees
      1 demonstrated
      1 dependencies.
      1 dependency
      1 dependency,
      1 dependency.
      1 describe
      1 described
      2 describing
      4 description
      2 descriptions
      1 descriptions.
      1 designed
      1 despite
      1 details
      1 details,
      2 develop
      1 developers.
      7 development
      3 development,
      1 development.
      1 devised
      1 differences
      1 different
      1 dilution
      2 distinct
      2 do
      1 do,
      2 does
      1 domains
      1 dropping
      3 dynamic
      1 dynamically
      5 each
      1 east
      3 easting,
      1 ecosystems
      2 effective
      1 effectively
      1 efficiently
      3 either
      1 elides
      1 eliminating
      2 else
      3 embedded
      1 embedded,
      1 enable
      1 enabler
      1 enables
      1 endpoints
      1 engineering
      1 enough
      1 enqueuing
      1 ensures
      1 entirely.\footnote{the
      2 environment)
      1 environment).
      1 environment,
      1 environment.
      1 errors
      1 essential
      1 essentially
      1 essentially,
      1 establishment
      1 esterel,
      2 even
      9 event
      1 event,
      3 events
      3 events,
      1 events.
      2 exactly
      3 example
      1 example).
      1 excellent,
      1 excessive
      1 excessively
      1 execute
      1 executing
      1 existing
      1 expense
      1 expensive
      1 experience
      1 experimentation
      4 explicit
      2 explicitly
      1 extend
      1 extends
      1 external
      1 extract
      1 extreme
      1 facilitate
      1 fact
      1 fair
      2 false;
      2 far
      2 field
      3 fields
      1 figure~\ref{fig-actor-inline}
      1 figure~\ref{fig-actor-mil}
      1 figure~\ref{fig-actor-position}
      1 figure~\ref{fig-actor-position})
      1 filtering
      1 first
      1 fitting''.
      1 fix
      1 fixed
      1 fixed.
      1 flattening
      1 flattening,
      1 float
      5 float,
      1 float64
      1 float64,
      1 flow
      1 fly
      1 following
     30 for
      2 foreign
      1 fragile
      1 frameworks
      1 free,
      2 frequency
     13 from
      1 full
      1 function
      2 functions
      1 fundamental
      1 further
      4 gapl
      1 gapl)
      2 gapl,
      1 geodesey
      1 given
      1 goal
      1 good,
      1 good:
      1 gps
      1 gps\_reader)
      1 gps_configure();
      1 gps_down
      2 gps_down();
      1 gps_down:
      2 gps_port_addr:
      2 gps_read(gps_port_addr);
      2 gps_reader
      1 gps_up
      2 gps_up();
      1 gps_up:
      1 greater
      1 ground
      1 h_dilution:
      1 handle
      1 handler
      1 has
      4 have
      1 heavyweight
      2 here
      1 higher
      1 however,
      1 hypothesis''
      1 idea
      2 identical
      1 identity
      9 if
      2 illustrates
      1 illustrates.
      1 implementations
      2 implicit
      3 import
      1 important
      1 importantly,
      1 impose
     47 in
      1 in''
      1 include
      1 include:
      1 includes
      1 including
      1 incoporating
      1 incorporate
      1 incorporated
      2 inference
      1 informed
      1 initial
      2 initialization
      1 initialized
      3 initially
      1 injection
      1 injection''
      2 inlined
      9 inlining
      1 inlining.
      1 inlining}
      1 innovating
      1 inserted
      1 inspired
      1 instance
      1 instantiating
      2 instantiation
      1 instantiation.
      1 insufficient
      7 int,
      1 int64
      1 int64,
      1 integration
      1 intend
      1 inter-arrival
      1 interactive
      1 interactively
      7 interconnection
      1 interconnections
      1 interconnection}
      2 interface
      1 interface;
      1 interfaces
      1 interfaces.
      1 internal
      1 interpretation.
      5 interpreted
      1 interpreted,
      1 interpreter
      3 into
      1 introduced
      1 involves
     28 is
      1 is,
      8 it
      1 it.
      4 its
      2 just
      1 just-in-time
      4 key
      2 kind
      1 kinds
      3 known
      1 kotlin,
     14 language
      1 language(s)
      2 language,
      2 language.
      4 languages
      1 languages)
      1 languages,
      1 language}
      1 large
      1 large,
      1 later
      1 latitude:
      1 latitude=lat,
      1 latlon_to_utm(lat,
      1 latlon_to_utm(msg.latitude,
      1 latlon_to_utm(msg__1.latitude,
      1 launched
      1 led
      1 libraries.
      1 library
      1 like
      1 linkage
      5 local
      1 lon:
      2 long
      1 longitude)
      1 longitude:
      1 longitude=lng];
      2 loop
      1 loop,
      1 loose
      1 lustre.
      1 machine
      1 machine.
      2 main
      1 maintain
      2 making
      1 management.
      2 many
      2 map
      1 mapped
      3 mapping
      1 marshalling
      9 may
      1 meaning
      1 memory
      1 merged,
      6 message
      1 message,
      1 message.
      5 messages
      1 messsage
      1 meters_sec:
      1 middleware
      1 might
      5 mil
      1 mils
      1 miss
      1 model
      1 modify
      1 modular
      1 modularity
     10 module
      4 modules
      1 modules,
      1 modules.
      5 more
      2 most
      1 msg
      1 msg.good
      1 msg.longitude,
      1 msg.time_of_fix,
      1 msg__1
      1 msg__1.good
      1 msg__1.longitude,
      1 msg__1.time_of_fix,
      1 multi-core
      4 must
      1 n_satellites:
      1 name
      1 name)
      1 name,
      3 names
      4 native
      1 necessary
      1 need
      2 neither
      1 new
      1 nmea;
      1 nmea\_basic
      1 nmea\_gga)
      1 nmea\_gga,
      1 nmea\_rmc
      3 nmea_basic_msg
      4 nmea_gga
      1 nmea_gga(nmea_sentence);
      1 nmea_gga=none,
      1 nmea_rmc
      2 nmea_rmc,
      1 nmea_rmc_msg
      1 nmea_rmc_msg;
      2 nmea_sentence
      1 nmea_sentence;
      4 no
      1 non-procedural
      1 nonexistant
      2 nor
      2 north
      3 northing:
      8 not
      2 notation
      1 notation,
      2 note
      1 nothing
      1 observable
      2 obsv_time:
     68 of
      1 off,
     11 on
      1 on-the-fly
      6 one
      6 only
      1 operation
      1 optimization
      1 optimizations
      1 optimizations,
      1 optimized
      1 optimizing
      1 optionally
      1 options
      8 or
      2 original
      7 other
      1 other,
      1 others,
      7 our
      1 outperformed
      1 outweighs
      1 over
      2 overhead
      1 own
      1 parallelism
      4 parameters
      3 part
      1 participants
      1 particular
      1 particular,
      2 past
      1 patterns
      1 penalty
      1 perform
      3 performance
      1 performance.
      2 performed
      1 permit
      2 permits
      1 point
      1 point).
      1 position\_observer
      1 position_listener
      1 position_observer
      1 position_observer;
      1 position_observer[nmea_rmc=gps_1_nmea,
      1 posn
      1 possibility
      3 possible
      2 practice
      1 practice,
      1 pre-existing
      1 precision
      1 prevents
      1 primarily
      1 principle
      1 procedure
      6 process
      1 process)
      1 process,
      1 process.
      1 process;
      1 processes
      2 processing
      1 processor
      1 produced
      1 produced.
      3 producer
      1 producer,
      1 profitable
      2 program
      2 programming
      1 programs
      3 provide
      1 provided
      1 provider
      1 providing
     10 pub/sub
      9 publish
      3 published
      4 publisher
      1 publisher,
      3 publishes
      1 quality,
      1 quickest
      1 quickly
      1 react
      1 readable
      2 readings
      1 receipts)
      2 receives
      2 receiving
      1 recent
      1 recognize
      1 records
      1 reduce
      1 reduced
      1 redundant
      2 reference
      1 referring
      1 refers
      1 reflect
      1 region
      2 region,
      1 registering
      1 regression
      1 relation
      1 relation.
      1 relative
      1 relevant.}
      1 reliably
      1 remaining
      2 remapping
      1 removing
      3 renamed
      1 renaming
      1 rep,
      1 replacing
      1 replaying
      1 representation
      1 republished
      1 require
      1 required
      1 requires
      1 researchers
      1 respects,
      2 response
      1 results
      2 retain
      1 return
      1 reuse
      1 reused
      1 richer
      1 robotics
      1 robotics.
      1 role
      3 ros
      1 ros).
      1 rules.
      1 run-time
      1 running
      4 same
      1 satisfy
      1 savings
      6 schema
      1 schema.
      6 schemas
      1 sealed
      1 sealing
      1 sections
      2 seen
      3 selected
      2 semantics
      2 separate
      1 separately
      1 serves
      2 service
      1 serving
      4 set
      2 share
      2 shared
      2 shared-nothing
      1 signal,
      2 signed
      6 simple
      2 simplest
      1 simply
      1 since
      4 single
      2 sliding
      1 slower
      2 slowest
      4 small
      2 so
      1 so-called
      2 software
      5 some
      2 source
      1 space,
      1 space.
      1 spec).
      1 specifying
      1 speed
      1 speeds
      2 stack
      3 state
      1 stateful
      1 statefully
      3 static
      3 statically
      3 still
      1 stream
      1 streams
      2 strong
      1 strongly
      1 structure
      1 subfields
      1 subscribe
      1 subscribed
      6 subscriber
      1 subscriber.
      5 subscribes
      1 substituted
      1 subtype
      1 success
      1 such
      1 sufficiently
      1 suitable
      3 support
      2 supporting
      1 supports
      1 swift,
      1 switch
      1 switches
      2 switches).
      1 synchronous
      3 system
      1 system)
      3 systems
      1 systems).
      2 systems,
      1 taken
      3 temporal
      1 tests,
      1 text)
      3 than
     24 that
    102 the
      1 their
      1 them
      1 themselves
      1 then
      2 there
      1 thereafter
      1 these
      3 they
      5 this
      3 those
      1 though
      1 though,
      4 thread
      1 threads
      1 thus,
      4 tick
      3 time
      4 time,
      1 time_of_fix:
      1 timestamp
      1 timestamps
     49 to
      1 tools
     15 topic
      1 topic)
      1 topic-based
      1 topic.
      4 topics
      1 topics,
      2 topology
      1 topology).
      1 topsep=0pt]
      2 translated
      3 translation
      1 translation,
      1 transmission
      1 transmits
      1 transmitted
      1 triggering
      1 true
      4 true;
      1 trusted
      1 two
      3 type
      2 typed
      1 typed.
      2 typical
      1 typically
      3 typing
      1 under
      1 understandable
      2 unix
      1 unmarshalling
      1 unnecessary
      1 unrelated
      1 unsatisfactory
      1 unusual
      5 up
      5 up__1
      1 us
      1 usage
      1 use
      1 used
      1 useful
      1 user
      1 uses
      1 usually
      5 utm
      1 utm.easting,
      1 utm.northing,
      1 utm\_pos.
      1 utm__1
      1 utm__1.easting,
      1 utm__1.northing,
      1 utm_band
      1 utm_band);
      1 utm_band:
      1 utm_band__1
      1 utm_band__1);
      1 utm_band__1:
      2 utm_pos
      2 utm_pos(
      2 utm_zone,
      2 utm_zone__1,
      1 utm_zone__1:
      3 variables
      1 variables.
      1 variables.}
      1 verbiage
      1 verbiage)
      1 verbiage.
      3 very
      1 viewed
      1 violate
      2 violating
      1 virtual
      1 visible
     10 we
      4 well
      1 were
      2 wgs
      1 wgs84
      2 when
      2 where
      3 which
      5 while
     12 will
      2 window
     18 with
      4 within
      4 without
      2 work
      1 workarounds.
      1 would
      1 write
      1 writing
      1 zero
      1 zone
      3 zone:
     28 {
      4 {\scriptsize
     27 }
      3 },
      1 };
