      4 0
      1 0pt
     26 1
      3 10
      3 10pt
      2 1em
      2 2
      2 2012
      1 2em
      1 4
      3 5
      2 84
      5 A
      1 API
      3 Actor
      3 Actors
      1 After
      1 Although
      4 An
      2 Arduino
      1 As
      1 Assuming
      1 By
      4 C
      8 Cache
      1 Combine
      1 Compiling
      1 Connecting
      1 Contrary
      1 DEBS
      1 Dashofy2002
      1 DeRemer1976
      1 Diaz1986
      1 Distinct
      1 Dynamic
      1 Essentially
      1 Esterel
      1 Even
      1 Example
      1 Explicit
      5 Figure
      1 Foreign
      2 Frequency
      7 GAPL
      1 GPS
      1 However
      3 In
      3 Inlining
      1 Instantiating
      1 Interconnection
      1 It
      1 Key
      1 Koliousis
      1 Kotlin
      1 Language
      1 Lustre
      6 MIL
      1 MILs
      1 Messages
      2 Module
      2 Note
      1 One
      2 Our
      1 Overhead
      1 Parameters
      1 Prieto
      1 Pub
      2 Publisher
      4 ROS
      1 Redundant
      1 Remapping
      1 Schema
      1 Sealing
      1 Signal
      1 Simple
      1 Since
      1 Software
      3 Subsubsec
      1 Sventek
      1 Swift
      1 That
     14 The
      1 They
      1 This
      1 Thus
      1 Translation
      1 Two
      1 UPS
      4 UTM
      2 Unix
      2 WGS
      1 WGS84
      4 We
      4 While
     54 a
      1 ability
      1 above
      2 access
      1 accessing
      1 achieve
      2 actions
     43 actor
     11 actors
      2 actual
      1 adapt
      4 additional
      6 addr
      2 address
      1 advantage
      2 advantages
      2 after
      1 aggregation
      1 agree
      1 ahead
      1 aim
      4 all
      1 allows
      1 almost
      2 also
      1 although
      1 ameliorate
      1 among
      1 amounts
     14 an
      1 analysis
     60 and
      2 approach
      1 approaches
      2 architecture
      2 architectures
     14 are
      1 argued
      1 arrival
      1 artifacts
     29 as
      2 ascertain
      1 assignment
      1 associated
      3 at
      1 attributes
      5 automata
      1 automaton
      2 avoid
      1 avoiding
      2 aware
      1 away
      4 b
      6 bad
      3 baked
     10 band
      2 bare
      1 based
      6 basic
     22 be
      2 become
      2 been
      3 before
     14 begin
      1 behavior
      1 benefit
      1 better
      2 between
      1 blocking
      1 body
      1 boolean
      1 borrowing
      2 both
      1 breaking
      1 brittleness
      2 bullets
      2 burdensome
      1 burst
      5 but
     12 by
      2 bytecode
      2 cache
      1 calculations
      1 called
      9 can
      2 capability
      4 caption
      1 capturing
      5 case
      1 cause
      1 central
      1 changes
      2 channel
      5 char
      1 cheap
      5 cite
      1 clashes
      1 classes
      1 clear
     13 code
      1 combining
      9 communication
      1 compatible
      2 compiled
      1 compilingactors
      2 complete
      6 complex
      2 component
      2 components
      1 composition
      2 computation
      1 conceptually
      1 concerned
      2 concise
      1 concurrent
      1 configuration
      3 configure
      1 configured
      1 connected
      3 connection
      3 connections
      1 conservative
      2 console
      2 constraints
      2 consumer
      2 contemporary
      1 contents
      3 context
      1 control
      1 conventions
      1 conversions
      1 converted
      1 converts
      1 coordinates
      1 core
      2 cost
      4 could
      6 count
      1 coupled
      2 coupling
      1 course
      3 create
      2 cycle
      2 data
      2 database
      1 databases
      1 deadlines
      1 declaration
      1 declarations
      1 decouple
      2 def
      3 default
      2 defaults
      1 definition
      1 definitions
      1 degrees
      1 demonstrated
      1 dependencies
      4 dependency
      1 describe
      1 described
      2 describing
      4 description
      3 descriptions
      1 designed
      1 despite
      2 details
      2 develop
      1 developers
     11 development
      1 devised
      1 differences
      1 different
      2 dilution
      1 distinct
      3 do
      2 does
      1 domains
      4 down
      1 dropping
      2 dynamic
      1 dynamically
      4 e
      5 each
      1 east
      5 easting
      1 ecosystems
      2 effective
      1 effectively
      1 efficiently
      3 either
      1 elides
      1 eliminating
      2 else
      4 embedded
      1 emph
      1 enable
      1 enabler
      1 enables
     13 end
      1 endpoints
      1 engineering
      1 enough
      1 enqueuing
      1 ensures
      1 entirely
      5 environment
      1 errors
      1 essential
      1 essentially
      1 establishment
      1 even
     10 event
      7 events
      3 exactly
      3 example
      1 excellent
      1 excessive
      1 excessively
      1 execute
      1 executing
      2 existing
      1 expense
      1 expensive
      1 experience
      1 experimentation
      3 explicit
      2 explicitly
      1 extend
      1 extends
      1 external
      1 extract
      1 extreme
      2 f
      1 facilitate
      1 fact
      1 fair
      2 false
      2 far
      2 fastest
      2 field
      3 fields
      9 fig
      8 figure
      1 filtering
      1 first
      1 fitting
      4 fix
      2 fixed
      2 flattening
      6 float
      2 float64
      1 flow
      2 fly
      1 following
      1 footnote
     30 for
      1 foreign
      1 fragile
      1 frameworks
      1 free
     13 from
      1 full
      1 function
      2 functions
      1 fundamental
      1 further
      4 g
      1 geodesey
     10 gga
      1 given
      1 goal
      4 good
     23 gps
      1 greater
      1 ground
      1 h
      1 handle
      1 handler
      1 has
      4 have
      1 heavyweight
      5 here
      1 higher
      1 hypothesis
      1 idea
      2 identical
      1 identity
      9 if
      3 illustrates
      1 implementations
      2 implicit
      3 import
      1 important
      1 importantly
      1 impose
     49 in
      2 include
      1 includes
      1 including
      1 incoporating
      1 incorporate
      1 incorporated
      2 inference
      1 informed
      1 initial
      2 initialization
      1 initialized
      3 initially
      2 injection
      2 inline
      2 inlined
      9 inlining
      1 innovating
      1 inserted
      1 inspired
      1 instance
      3 instantiation
      1 insufficient
      7 int
      2 int64
      1 integration
      1 intend
      1 inter
      1 interactive
      1 interactively
      7 interconnection
      1 interconnections
      3 interface
      2 interfaces
      1 internal
      1 interpretation
      6 interpreted
      1 interpreter
      3 into
      1 introduced
      1 involves
     29 is
      8 it
      6 item
      2 itemize
      4 its
      3 just
      3 key
      2 kind
      1 kinds
      1 know
      3 known
      5 label
     19 language
      6 languages
      2 large
      2 lat
      1 later
      5 latitude
      3 latlon
      1 launched
      1 led
      1 libraries
      1 library
      1 like
      1 linkage
      1 listener
      1 lng
      5 local
      1 lon
      2 long
      5 longitude
      3 loop
      1 loose
      3 lstlisting
      2 machine
      2 main
      1 maintain
      3 making
      1 management
      2 many
      2 map
      1 mapped
      3 mapping
      1 marshalling
      9 may
      1 meaning
      1 memory
      1 merged
      8 message
      4 messages
      1 messsage
      2 meters
      1 middleware
      1 might
      2 mil
      1 miss
      1 model
      1 modify
      1 modular
      1 modularity
     10 module
      6 modules
      5 more
      2 most
     16 msg
      1 multi
      4 must
      1 n
      3 name
      3 names
      4 native
      1 necessary
      1 need
      2 neither
      1 new
     29 nmea
      4 no
      1 noitemsep
      1 non
      1 none
      1 nonexistant
      2 nor
      2 north
      5 northing
      8 not
      3 notation
      3 nothing
      1 observable
      4 observer
      2 obsv
     72 of
      1 off
     12 on
      5 one
      7 only
      1 operation
      1 optimization
      2 optimizations
      1 optimized
      1 optimizing
      1 optionally
      1 options
      8 or
      2 original
      8 other
      1 others
      5 our
      1 outperformed
      1 outweighs
      1 over
      1 overhead
      1 own
      2 p
      1 parallelism
      3 parameters
      3 part
      1 participants
      2 particular
      2 past
      1 patterns
      1 penalty
      1 perform
      4 performance
      2 performed
      1 permit
      2 permits
      1 pipe
      2 point
      6 port
      5 pos
      8 position
      1 posn
      1 possibility
      3 possible
      3 practice
      1 pre
      1 precision
      1 prevents
      1 primarily
      1 principle
      1 procedural
      1 procedure
     10 process
      1 processes
      2 processing
      1 processor
      2 produced
      4 producer
      1 profitable
      2 program
      2 programming
      1 programs
      3 provide
      1 provided
      1 provider
      1 providing
      9 pub
      9 publish
      3 published
      3 publisher
      3 publishes
      1 quality
      1 quickest
      1 quickly
      1 react
      2 read
      1 readable
      3 reader
      2 readings
      1 receipts
      2 receives
      2 receiving
      1 recent
      1 recognize
      1 records
      1 reduce
      1 reduced
      5 ref
      2 reference
      1 referring
      1 refers
      1 reflect
      3 region
      1 registering
      1 regression
      2 relation
      1 relative
      1 relevant
      1 reliably
      1 remaining
      1 remapping
      1 removing
      3 renamed
      1 renaming
      1 rep
      1 replacing
      1 replaying
      1 representation
      1 republished
      1 require
      1 required
      1 requires
      1 researchers
      1 respects
      2 response
      1 results
      2 retain
      1 return
      1 reuse
      1 reused
      1 richer
      7 rmc
      2 robotics
      1 role
      1 rules
      1 run
      1 running
      1 s
      4 same
      1 satellites
      1 satisfy
      1 savings
      6 schema
      6 schemas
      7 scriptsize
      1 sealed
      1 sealing
      2 sec
      1 sections
      2 seen
      3 selected
      2 semantics
      4 sentence
      2 separate
      1 separately
      1 serves
      2 service
      1 serving
      4 set
      2 share
      4 shared
      2 signed
      5 simple
      2 simplest
      1 simply
      4 single
      2 sliding
      1 slower
      2 slowest
      8 small
      3 so
      1 software
      5 some
      2 source
      2 space
      1 spec
      1 specifying
      1 speed
      1 speeds
      2 stack
      3 state
      1 stateful
      1 statefully
      3 static
      3 statically
      3 still
      1 stream
      1 streams
      2 strong
      1 strongly
      1 structure
     10 sub
      1 subfields
      1 subscribe
      1 subscribed
      7 subscriber
      5 subscribes
      1 substituted
      1 subtype
      1 success
      1 such
      1 sufficiently
      1 suitable
      3 support
      2 supporting
      1 supports
      1 switch
      3 switches
      1 synchronous
      1 synchrony
      4 system
      6 systems
      2 tabular
      1 taken
      3 temporal
      1 tests
      1 text
      2 textwidth
      3 than
     23 that
     90 the
      1 their
      1 them
      1 themselves
      1 then
      2 there
      1 thereafter
      1 these
      2 they
      4 this
      3 those
      2 though
      4 thread
      1 threads
      1 thus
      4 tick
     16 time
      1 timestamp
      1 timestamps
     52 to
      1 tools
     18 topic
      5 topics
      3 topology
      1 topsep
      2 translated
      3 translation
      1 transmission
      1 transmits
      1 transmitted
      1 triggering
      5 true
      1 trusted
      3 type
      3 typed
      2 typical
      1 typically
      3 typing
      1 under
      1 understandable
      1 unmarshalling
      1 unnecessary
      1 unrelated
      1 unsatisfactory
      1 unusual
     14 up
      1 us
      1 usage
      1 use
      1 used
      1 useful
      1 user
      1 uses
      1 usually
     26 utm
      5 variables
     10 verbatim
      3 verbiage
      3 very
      1 viewed
      1 violate
      2 violating
      1 virtual
      1 visible
      3 vskip
      3 vspace
      6 we
      4 well
      1 were
      3 when
      2 where
      6 which
      1 while
     12 will
      2 window
     18 with
      4 within
      4 without
      2 work
      1 workarounds
      1 would
      1 write
      1 writing
      4 x
      1 y
      1 zero
     10 zone
