    104 the
     72 of
     60 and
     59 a
     52 to
     52 in
     46 actor
     30 utm
     30 for
     30 as
     29 nmea
     29 is
     26 1
     24 that
     24 gps
     22 be
     20 language
     18 with
     18 topic
     18 an
     16 time
     16 msg
     14 up
     14 begin
     14 are
     14 actors
     13 from
     13 figure
     13 end
     13 code
     13 by
     12 will
     12 on
     12 module
     12 inlining
     11 development
     10 zone
     10 we
     10 verbatim
     10 sub
     10 pub
     10 process
     10 gga
     10 event
     10 cache
     10 band
      9 publish
      9 may
      9 it
      9 if
      9 fig
      9 communication
      9 can
      8 small
      8 position
      8 other
      8 or
      8 not
      8 mil
      8 message
      8 interconnection
      7 subscriber
      7 scriptsize
      7 schema
      7 rmc
      7 our
      7 only
      7 int
      7 gapl
      7 events
      6 which
      6 systems
      6 simple
      6 schemas
      6 port
      6 one
      6 modules
      6 languages
      6 item
      6 interpreted
      6 float
      6 count
      6 complex
      6 basic
      6 bad
      6 addr
      5 while
      5 variables
      5 true
      5 topics
      5 this
      5 subscribes
      5 some
      5 ref
      5 publisher
      5 pos
      5 northing
      5 more
      5 messages
      5 longitude
      5 local
      5 latitude
      5 label
      5 here
      5 environment
      5 easting
      5 each
      5 cite
      5 char
      5 case
      5 but
      5 automata
      4 x
      4 without
      4 within
      4 well
      4 translation
      4 tick
      4 thread
      4 system
      4 single
      4 shared
      4 set
      4 sentence
      4 same
      4 ros
      4 producer
      4 performance
      4 parameters
      4 observer
      4 no
      4 native
      4 must
      4 key
      4 its
      4 have
      4 good
      4 g
      4 fix
      4 explicit
      4 example
      4 embedded
      4 e
      4 down
      4 description
      4 dependency
      4 could
      4 caption
      4 c
      4 b
      4 all
      4 additional
      4 0
      3 when
      3 vspace
      3 vskip
      3 very
      3 verbiage
      3 typing
      3 typed
      3 type
      3 topology
      3 those
      3 they
      3 than
      3 temporal
      3 switches
      3 support
      3 subsubsec
      3 still
      3 statically
      3 static
      3 state
      3 so
      3 selected
      3 renamed
      3 region
      3 reader
      3 publishes
      3 published
      3 provide
      3 practice
      3 possible
      3 part
      3 nothing
      3 notation
      3 names
      3 name
      3 mapping
      3 making
      3 lstlisting
      3 loop
      3 latlon
      3 known
      3 just
      3 into
      3 interface
      3 instantiation
      3 initially
      3 import
      3 illustrates
      3 fields
      3 exactly
      3 either
      3 dynamic
      3 do
      3 descriptions
      3 default
      3 create
      3 context
      3 connections
      3 connection
      3 configure
      3 before
      3 baked
      3 at
      3 after
      3 5
      3 10pt
      3 10
      2 work
      2 window
      2 where
      2 wgs
      2 violating
      2 unix
      2 typical
      2 translated
      2 thus
      2 though
      2 there
      2 textwidth
      2 tabular
      2 supporting
      2 strong
      2 stack
      2 space
      2 source
      2 software
      2 slowest
      2 sliding
      2 simplest
      2 signed
      2 share
      2 service
      2 separate
      2 semantics
      2 seen
      2 sec
      2 sealing
      2 robotics
      2 retain
      2 response
      2 remapping
      2 relation
      2 reference
      2 receiving
      2 receives
      2 readings
      2 read
      2 programming
      2 program
      2 produced
      2 processing
      2 point
      2 permits
      2 performed
      2 past
      2 particular
      2 p
      2 overhead
      2 original
      2 optimizations
      2 obsv
      2 note
      2 north
      2 nor
      2 neither
      2 most
      2 meters
      2 map
      2 many
      2 main
      2 machine
      2 long
      2 lat
      2 large
      2 kind
      2 itemize
      2 interfaces
      2 int64
      2 inlined
      2 inline
      2 injection
      2 initialization
      2 inference
      2 include
      2 implicit
      2 identical
      2 functions
      2 frequency
      2 foreign
      2 fly
      2 float64
      2 flattening
      2 fixed
      2 field
      2 fastest
      2 far
      2 false
      2 f
      2 explicitly
      2 existing
      2 even
      2 essentially
      2 else
      2 effective
      2 does
      2 distinct
      2 dilution
      2 develop
      2 details
      2 describing
      2 defaults
      2 def
      2 database
      2 data
      2 cycle
      2 coupling
      2 cost
      2 contemporary
      2 consumer
      2 constraints
      2 console
      2 concise
      2 computation
      2 components
      2 component
      2 complete
      2 compiled
      2 channel
      2 capability
      2 bytecode
      2 burdensome
      2 bullets
      2 both
      2 between
      2 been
      2 become
      2 bare
      2 aware
      2 avoid
      2 ascertain
      2 arduino
      2 architectures
      2 architecture
      2 approach
      2 although
      2 also
      2 advantages
      2 address
      2 actual
      2 actions
      2 access
      2 84
      2 2012
      2 2
      2 1em
      1 zero
      1 y
      1 writing
      1 write
      1 would
      1 workarounds
      1 wgs84
      1 were
      1 visible
      1 virtual
      1 violate
      1 viewed
      1 usually
      1 uses
      1 user
      1 useful
      1 used
      1 use
      1 usage
      1 us
      1 ups
      1 unusual
      1 unsatisfactory
      1 unrelated
      1 unnecessary
      1 unmarshalling
      1 understandable
      1 under
      1 typically
      1 two
      1 trusted
      1 triggering
      1 transmitted
      1 transmits
      1 transmission
      1 topsep
      1 tools
      1 timestamps
      1 timestamp
      1 threads
      1 these
      1 thereafter
      1 then
      1 themselves
      1 them
      1 their
      1 text
      1 tests
      1 taken
      1 synchrony
      1 synchronous
      1 switch
      1 swift
      1 sventek
      1 supports
      1 suitable
      1 sufficiently
      1 such
      1 success
      1 subtype
      1 substituted
      1 subscribed
      1 subscribe
      1 subfields
      1 structure
      1 strongly
      1 streams
      1 stream
      1 statefully
      1 stateful
      1 speeds
      1 speed
      1 specifying
      1 spec
      1 slower
      1 since
      1 simply
      1 signal
      1 serving
      1 serves
      1 separately
      1 sections
      1 sealed
      1 savings
      1 satisfy
      1 satellites
      1 s
      1 running
      1 run
      1 rules
      1 role
      1 richer
      1 reused
      1 reuse
      1 return
      1 results
      1 respects
      1 researchers
      1 requires
      1 required
      1 require
      1 republished
      1 representation
      1 replaying
      1 replacing
      1 rep
      1 renaming
      1 removing
      1 remaining
      1 reliably
      1 relevant
      1 relative
      1 regression
      1 registering
      1 reflect
      1 refers
      1 referring
      1 redundant
      1 reduced
      1 reduce
      1 records
      1 recognize
      1 recent
      1 receipts
      1 readable
      1 react
      1 quickly
      1 quickest
      1 quality
      1 providing
      1 provider
      1 provided
      1 programs
      1 profitable
      1 processor
      1 processes
      1 procedure
      1 procedural
      1 principle
      1 primarily
      1 prieto
      1 prevents
      1 precision
      1 pre
      1 possibility
      1 posn
      1 pipe
      1 permit
      1 perform
      1 penalty
      1 patterns
      1 participants
      1 parallelism
      1 own
      1 over
      1 outweighs
      1 outperformed
      1 others
      1 options
      1 optionally
      1 optimizing
      1 optimized
      1 optimization
      1 operation
      1 off
      1 observable
      1 nonexistant
      1 none
      1 non
      1 noitemsep
      1 new
      1 need
      1 necessary
      1 n
      1 multi
      1 modularity
      1 modular
      1 modify
      1 model
      1 miss
      1 mils
      1 might
      1 middleware
      1 messsage
      1 merged
      1 memory
      1 meaning
      1 marshalling
      1 mapped
      1 management
      1 maintain
      1 lustre
      1 loose
      1 lon
      1 lng
      1 listener
      1 linkage
      1 like
      1 library
      1 libraries
      1 led
      1 launched
      1 later
      1 kotlin
      1 koliousis
      1 know
      1 kinds
      1 involves
      1 introduced
      1 interpreter
      1 interpretation
      1 internal
      1 interconnections
      1 interactively
      1 interactive
      1 inter
      1 intend
      1 integration
      1 insufficient
      1 instantiating
      1 instance
      1 inspired
      1 inserted
      1 innovating
      1 initialized
      1 initial
      1 informed
      1 incorporated
      1 incorporate
      1 incoporating
      1 including
      1 includes
      1 impose
      1 importantly
      1 important
      1 implementations
      1 identity
      1 idea
      1 hypothesis
      1 however
      1 higher
      1 heavyweight
      1 has
      1 handler
      1 handle
      1 h
      1 ground
      1 greater
      1 goal
      1 given
      1 geodesey
      1 further
      1 fundamental
      1 function
      1 full
      1 free
      1 frameworks
      1 fragile
      1 footnote
      1 following
      1 flow
      1 fitting
      1 first
      1 filtering
      1 fair
      1 fact
      1 facilitate
      1 extreme
      1 extract
      1 external
      1 extends
      1 extend
      1 experimentation
      1 experience
      1 expensive
      1 expense
      1 executing
      1 execute
      1 excessively
      1 excessive
      1 excellent
      1 esterel
      1 establishment
      1 essential
      1 errors
      1 entirely
      1 ensures
      1 enqueuing
      1 enough
      1 engineering
      1 endpoints
      1 enables
      1 enabler
      1 enable
      1 emph
      1 eliminating
      1 elides
      1 efficiently
      1 effectively
      1 ecosystems
      1 east
      1 dynamically
      1 dropping
      1 domains
      1 different
      1 differences
      1 diaz1986
      1 devised
      1 developers
      1 despite
      1 designed
      1 described
      1 describe
      1 deremer1976
      1 dependencies
      1 demonstrated
      1 degrees
      1 definitions
      1 definition
      1 decouple
      1 declarations
      1 declaration
      1 debs
      1 deadlines
      1 databases
      1 dashofy2002
      1 course
      1 coupled
      1 core
      1 coordinates
      1 converts
      1 converted
      1 conversions
      1 conventions
      1 control
      1 contrary
      1 contents
      1 conservative
      1 connecting
      1 connected
      1 configured
      1 configuration
      1 concurrent
      1 concerned
      1 conceptually
      1 composition
      1 compilingactors
      1 compiling
      1 compatible
      1 combining
      1 combine
      1 clear
      1 classes
      1 clashes
      1 cheap
      1 changes
      1 central
      1 cause
      1 capturing
      1 called
      1 calculations
      1 burst
      1 brittleness
      1 breaking
      1 borrowing
      1 boolean
      1 body
      1 blocking
      1 better
      1 benefit
      1 behavior
      1 based
      1 away
      1 avoiding
      1 automaton
      1 attributes
      1 assuming
      1 associated
      1 assignment
      1 artifacts
      1 arrival
      1 argued
      1 approaches
      1 api
      1 analysis
      1 amounts
      1 among
      1 ameliorate
      1 almost
      1 allows
      1 aim
      1 ahead
      1 agree
      1 aggregation
      1 advantage
      1 adapt
      1 achieve
      1 accessing
      1 above
      1 ability
      1 4
      1 2em
      1 0pt
